57459
57459
82498
82498
105297
105297
112397
112397
131942
131942
135435
135435
139612
139612
142793
142793
146885
146885
160575
160575
172735
172735
29602
29602
99216
99216
100077
100077
108429
108429
31515
31515
31718
31718
36339
36339
57465
57465
64224
64224
127915
127915
133003
133003
133268
133268
133425
133425
134499
134499
163993
163993
166963
166963
182350
182350
184313
184313
197058
197058
201422
201422
204359
204359
204812
204812
212176
212176
213316
213316
215188
215188
216000
216000
216702
216702
217698
217698
220644
220644
221659
221659
226354
226354
229310
229325
230405
230405
269298
269298
274955
274955
291273
291273
297030
297030
300496
300496
304785
304785
309190
309190
315560
315575
317727
317727
324550
324550
330382
330382
346268
346268
348639
348639
351914
351914
360528
360528
362403
362403
362762
362762
363574
363574
366554
366554
370441
370441
380938
380938
381865
381865
384638
384638
391667
391667
403923
403923
404517
404517
407216
407216
409509
409509
409509
409509
413646
413646
415504
415504
420755
420755
426033
426033
426033
426033
426408
426408
430517
430517
431029
431029
431279
431279
436499
436499
436952
436952
443573
443573
443588
443588
450792
450792
450792
450792
451012
451012
458979
458979
458979
458979
458979
458994
465698
465698
465698
465698
466176
466176
466176
466176
466911
466911
468192
468192
469980
469980
471263
471263
472325
472325
473231
473231
473356
473356
473372
473372
473528
473528
473528
473528
473528
473528
473653
473653
474434
474434
475477
475477
475993
475993
476539
476539
477445
477445
478580
478580
478863
478879
478879
478879
478879
478879
479160
479176
479176
479176
479766
479766
480388
480388
481509
481509
482318
482318
482646
482646
482849
482849
483580
483580
483737
483737
484174
484174
484904
484904
485307
485322
485788
485788
485788
485788
485928
485928
486079
486079
486079
486079
486222
486222
486347
486347
486347
486347
488080
488080
488221
488221
488849
488849
489913
489913
491148
491148
491164
491164
491305
491305
492563
492563
493591
493591
493606
493606
493606
493606
493606
493606
494106
494106
494106
494106
494122
494122
494478
494478
494478
494478
495609
495609
496158
496158
497497
497497
498718
498734
498734
498734
498734
498734
498874
498874
499061
499061
499854
499854
500556
500556
500571
500571
500946
500946
500946
500946
501081
501081
501474
501474
502224
502224
503315
503315
504436
504436
504561
504561
505532
505532
506250
506250
506822
506822
507421
507421
507947
507947
508480
508480
509445
509445
509851
509851
510941
510941
512029
512029
513438
513438
516013
516013
517915
517915
520111
520111
522319
522319
523612
523612
524996
524996
526200
526200
527571
527571
528710
528710
530407
530407
531497
531497
532553
532553
533987
533987
535370
535370
536977
536977
538614
538614
540126
540126
541578
541578
571685
571685
585294
585294
591956
591956
603934
603934
608625
608625
610621
610621
610730
610730
612164
612164
612789
612789
617893
617893
617987
617987
619737
619737
621839
621839
621948
621948
624048
624048
627209
627209
628633
628633
632034
632034
633702
633702
636117
636117
637556
637556
639193
639193
639193
639193
640281
640281
641484
641484
641562
641562
641562
641562
641586
641586
645428
645428
645537
645537
645537
645537
645615
645615
646147
646147
648266
648266
648331
648331
648331
648331
648957
648957
651821
651821
651821
651821
652149
652149
653211
653211
653601
653601
659995
659995
663204
663204
668223
668223
669238
669238
671629
671629
671629
671629
672688
672688
674118
674118
676304
676304
678847
678847
693292
693292
695526
695526
697757
697757
697975
697975
700331
700331
701471
701487
702202
702202
702749
702749
702765
702765
709944
709944
711288
711288
723257
723257
724035
724035
724707
724707
725742
725743
726494
726494
726649
726649
727058
727058
727709
727709
728242
728242
728758
728758
729283
729283
729816
729816
730608
730608
731547
731547
732216
732216
732899
732899
733646
733646
734256
734256
734799
734799
735330
735330
736075
736075
736842
736842
737511
737511
738382
738382
738923
738923
739629
739629
740170
740170
740797
740797
741312
741312
741887
741887
742418
742418
742946
742946
743492
743492
744008
744008
744551
744551
745083
745083
748144
748144
881919
881919
906014
906014
32047
32047
32310
32310
40895
40895
49025
49025
49400
49400
55854
55854
77910
77910
78656
78656
81577
81577
82931
82931
85457
85457
92330
92330
96222
96222
101648
101648
101679
101679
102519
102519
102740
102740
103503
103519
123254
123254
125894
125894
126734
126734
143932
143932
151379
151379
151864
151864
155787
155787
161552
161552
162677
162693
162896
162896
163818
163818
164877
164877
165970
165970
167121
167121
168216
168216
169198
169198
170072
170072
171447
171447
173199
173199
173433
173433
174564
174564
175580
175580
176879
176879
177861
177861
178702
178702
179488
179488
179490
179490
179491
179491
30506
30506
30881
30881
54753
54753
63254
63254
66729
66729
74250
74250
74796
74796
74843
74843
77358
77358
78354
78354
78442
78442
81955
81955
82346
82346
82346
82346
82596
82596
82674
82674
83889
83889
85776
85776
86182
86182
86182
86182
88850
88850
89568
89568
89615
89631
89647
89647
89992
89992
89992
89992
89992
89992
89992
89992
91554
91554
94347
94347
94347
94347
94440
94440
98934
98934
100694
100694
100694
100694
100837
100837
101306
101306
101446
101446
101634
101634
101759
101759
102926
102926
105417
105417
105417
105417
108692
108692
108819
108819
108819
108819
108970
108970
111378
111378
112347
112347
112362
112362
112487
112487
115418
115418
115418
115418
115559
115559
115559
115559
119827
119827
119952
119952
119952
119952
119968
119968
120108
120108
120108
120108
121651
121651
122089
122089
123541
123541
123541
123541
123541
123541
123692
123692
123692
123692
123850
123850
124778
124778
126356
126356
127689
127689
127954
127954
127954
127954
127954
127954
127970
127970
130885
130885
131583
131583
132194
132194
132335
132335
132335
132335
132335
132335
133112
133112
135707
135707
135707
135707
135707
135707
135832
135832
135832
135832
135973
135973
137911
137911
138286
138286
139110
139110
139501
139516
139657
139657
139657
139657
139657
139657
139829
139829
140469
140469
143531
143531
143981
143981
143981
143981
143981
143981
143981
143981
148074
148074
148370
148370
148386
148386
148386
148386
148542
148542
148542
148542
148542
148542
148740
148755
151722
151722
151722
151722
151722
151722
151878
151878
151894
151894
152891
152891
154216
154216
155791
155791
156119
156119
156135
156135
156135
156135
156135
156135
156135
156135
156322
156322
156322
156322
156338
156338
156338
156338
161201
161201
161201
161201
161473
161473
163053
163053
163053
163053
164237
164237
164471
164487
165826
165826
166055
166055
166385
166385
166385
166385
166385
166385
166604
166604
166604
166604
166604
166604
166604
166604
166620
166620
166620
166620
166791
166791
166807
166807
167988
167988
169593
169593
170402
170402
170402
170402
170418
170418
172445
172445
172445
172445
176167
176167
176182
176182
176432
176432
176448
176448
176463
176463
176463
176463
176760
176760
176760
176760
176776
176776
177057
177057
181337
181337
181681
181681
181681
181697
184292
184292
184292
184292
184292
184292
184292
184292
186113
186113
187703
187703
187854
187854
187854
187854
187854
187854
188044
188044
188200
188200
188216
188216
188216
188216
188387
188387
188497
188497
188497
188497
190846
190846
191002
191002
191002
191002
192564
192564
192564
192564
192564
192564
192564
192564
192564
192564
192705
192705
193236
193236
193330
193330
193767
193767
195385
195385
195572
195572
195572
195572
195588
195588
195588
195588
195744
195744
195947
195947
196088
196088
196088
196088
196088
196088
198323
198323
199179
199179
199366
199366
199382
199382
199616
199616
201456
201456
201472
201472
201472
201472
201644
201644
201659
201659
201659
201659
201831
201831
203440
203440
203518
203518
203518
203518
203518
203518
203518
203518
203596
203596
203596
203596
203628
203628
203815
203815
203815
203815
203815
203815
203919
203919
204811
204811
207828
207828
207828
207828
207828
207828
207906
207906
207921
207921
207921
207921
208046
208046
208046
208046
208062
208062
208947
208947
210337
210337
210337
210337
210462
210462
210462
210462
210633
210633
210758
210758
210930
210930
211071
211071
211071
211071
211071
211071
211914
211914
212617
212633
213893
213893
213893
213893
213971
213971
213971
213971
213986
213986
213986
213986
214080
214080
214096
214097
214098
214098
214098
214098
214176
214176
215186
215186
215610
215610
215719
215719
215813
215813
215813
215813
215813
215813
216016
216016
216109
216109
216203
216203
216203
216203
216203
216203
216313
216313
216981
216981
218821
218821
218821
218821
218909
218909
218909
218909
218909
218909
219018
219018
219018
219018
219018
219018
219018
219018
219112
219112
219221
219221
220301
220301
220301
220301
220722
220722
221065
221065
221065
221065
221065
221065
221206
221206
221315
221315
221456
221456
221565
221565
221596
221596
221706
221706
221706
221706
221706
221706
222062
222062
224768
224768
224862
224862
224862
224862
224862
224862
224971
224971
224971
224971
224971
224971
224971
224971
224971
224971
225080
225080
225096
225096
225190
225190
225190
225205
226377
226377
226377
226377
226752
226752
226908
226908
227330
227330
227486
227486
227673
227673
227673
227673
227861
227861
227861
227861
228048
228048
228423
228423
228423
228423
228423
228423
228579
228579
228689
228689
228814
228814
229154
229154
230915
230915
232784
232784
233862
233862
233877
233877
233877
233877
233877
233877
234233
234233
234249
234249
234249
234249
234264
234264
234655
234655
234936
234936
234952
234952
234952
234952
234967
234967
236733
236733
237061
237061
237092
237092
237092
237092
237436
237436
237561
237561
237779
237779
237889
237889
238060
238060
238076
238076
238092
238092
238092
238092
238761
238776
238974
238974
238974
238974
238974
238974
239851
239851
241670
241670
242467
242467
242670
242670
243529
243529
243529
243529
243545
243545
243732
243732
243732
243732
243732
243732
243748
243748
243748
243748
243966
243966
243966
243966
244086
244086
244179
244179
244197
244197
244197
244213
244385
244385
244400
244400
244400
244400
244838
244838
245525
245525
245913
245913
246116
246116
246553
246553
246709
246709
246772
246772
247053
247053
247069
247069
247100
247100
247116
247116
247272
247272
247272
247272
247287
247287
247287
247287
247513
247513
248058
248058
248074
248074
248074
248074
248527
248527
248636
248636
249865
249865
251111
251111
251283
251283
251626
251626
252633
252633
252649
252649
252649
252649
252839
252839
252839
252839
252839
252839
252855
252855
253047
253047
253047
253047
253063
253063
253063
253063
253063
253063
253158
253158
253262
253262
253278
253278
253514
253514
253514
253514
253514
253530
253530
253530
253699
253699
253714
253730
254371
254371
255688
255688
255950
255950
255966
255966
255966
255966
256780
256780
256983
256983
257218
257218
257218
257218
257218
257218
257233
257233
257233
257233
257233
257233
257400
257400
257636
257636
257636
257636
258464
258464
258724
258724
258724
258724
258724
258724
258867
258867
264699
264699
264699
264699
264699
264699
264715
264715
264949
264949
264965
264965
265475
265475
265475
265475
265490
265490
265490
265490
265506
265506
265740
265740
265740
265740
265740
265740
265758
265758
265945
265945
265977
265977
265977
265977
266242
266242
266492
266492
266508
266508
267332
267332
267660
267660
267692
267692
267848
267848
268547
268547
268766
268766
268766
268766
268954
268954
268969
268969
268969
268969
268985
268985
269135
269135
269151
269151
269151
269167
269325
269325
269546
269555
270166
270166
270166
270166
270244
270244
270244
270244
270260
270260
270463
270463
275017
275017
275017
275017
275017
275017
275095
275095
275220
275220
275236
275236
275236
275236
275251
275251
275423
275423
275439
275439
275439
275439
275439
275439
275439
275439
275626
275626
275626
275626
275626
275626
275814
275814
275814
275814
275829
275829
275829
275829
275829
275829
275829
275829
276173
276173
276204
276204
276423
276423
276439
276439
276439
276439
276611
276611
277251
277251
277485
277485
277485
277485
278110
278110
278282
278282
278329
278329
278329
278329
278454
278454
278501
278501
278501
278501
278673
278673
278673
278673
278813
278813
278829
278829
278829
278829
278985
278985
279169
279169
279185
279185
279359
279359
279499
279499
279687
279687
279703
279703
279848
279848
279864
279864
279879
279879
279926
279926
279926
279926
279926
279926
279926
279926
280924
280924
282187
282187
284091
284091
284242
284242
284242
284242
284257
284257
284463
284463
284478
284478
284494
284494
284598
284598
284738
284738
284738
284738
284754
284754
284754
284754
284754
284754
284770
284770
284975
284975
284975
284975
284975
284990
285209
285209
285209
285209
285209
285209
285225
285225
285225
285225
285725
285725
285740
285740
285740
285740
285740
285740
285756
285756
285756
285756
285756
285756
285906
285906
285922
285922
285938
285938
286112
286112
286143
286143
286330
286330
287015
287015
287275
287275
288166
288166
288494
288494
288494
288494
288509
288509
288738
288738
288990
288990
288990
288990
289167
289167
289172
289172
289172
289172
289344
289344
289359
289359
289533
289533
289736
289736
289783
289783
289783
289783
290028
290028
290028
290028
290218
290218
290233
290233
290546
290561
290561
290561
290749
290749
290749
290749
293494
293494
293494
293494
293697
293697
294072
294072
295588
295588
295603
295603
295697
295697
295853
295853
295853
295853
296119
296119
296119
296119
296150
296150
296150
296150
296166
296166
296447
296447
296447
296447
296462
296462
296462
296462
296712
296712
296728
296728
296728
296728
296941
296941
296941
296941
296941
296941
296957
296957
296957
296957
296957
296957
296972
296972
296972
296972
297146
297146
297146
297146
297177
297177
297372
297372
297388
297388
297388
297388
297796
297796
297796
297796
297812
297812
298165
298165
298181
298181
298181
298181
298449
298449
298714
298714
298730
298730
298824
298824
298871
298871
298871
298871
298980
298980
298980
298980
299256
299256
299271
299271
299365
299365
299445
299445
299461
299461
299461
299461
299461
299461
299477
299477
299643
299643
299658
299658
299658
299658
299739
299739
299739
299739
299739
299739
300158
300158
300158
300158
300158
300158
300174
300174
301592
301592
301748
301748
302045
302045
302916
302916
302916
302916
302979
302979
303119
303119
303135
303135
303244
303244
303260
303260
303260
303260
303260
303260
303276
303276
303416
303416
303432
303432
303432
303432
303432
303432
303432
303432
303536
303536
303536
303536
303536
303536
303536
303536
303551
303551
303723
303723
303723
303723
303723
303723
303723
303723
303739
303739
303739
303739
303739
303754
303850
303850
303850
303850
303866
303866
303866
303866
303866
303881
303881
303881
303991
303991
304006
304006
304006
304006
304006
304006
304006
304006
304100
304100
304100
304100
304100
304100
304116
304116
304249
304249
304358
304358
304516
304516
304995
304995
304995
304995
305073
305073
305214
305214
305230
305230
305419
305419
305794
305794
305888
305888
305903
305903
306075
306075
306091
306091
306107
306107
306107
306107
306107
306107
306122
306122
306247
306247
306263
306263
306385
306385
306385
306385
306416
306416
306448
306448
306606
306606
307153
307153
307153
307153
307325
307325
307325
307325
309115
309115
309146
309146
309265
309265
309406
309406
310751
310751
310894
310894
310894
310894
310988
310988
310988
310988
310988
310988
311003
311003
311003
311003
311175
311175
311191
311191
311191
311191
311191
311191
311191
311191
311207
311208
311209
311211
311213
311213
311373
311373
311373
311373
311388
311388
311438
311438
311609
311609
311625
311625
311625
311625
311641
311641
311641
311641
311812
311812
311812
311812
311828
311828
311828
311828
311828
311828
311844
311844
311859
311859
312062
312062
312062
312062
312078
312078
312078
312078
312078
312078
312078
312078
312078
312078
312094
312094
312094
312094
312265
312265
312265
312265
312265
312265
312281
312281
312297
312297
312510
312510
312637
312637
312653
312653
312700
312700
313273
313273
313619
313619
313744
313744
313791
313791
313791
313791
313931
313947
314165
314165
314301
314301
314316
314316
314348
314348
314348
314348
314459
314459
314475
314475
314475
314475
314475
314475
314490
314490
314490
314490
314563
314563
314594
314594
314594
314594
314594
314594
314672
314672
314688
314688
314846
314846
314971
314971
315300
315300
315300
315300
315300
315300
315300
315300
315612
315612
315737
315737
316483
316483
316483
316483
316702
316702
317745
317745
317823
317823
317823
317823
317839
317839
317932
317932
317932
317932
317932
317932
317948
317948
317948
317948
318057
318057
318073
318073
318073
318073
318073
318073
318073
318073
318198
318198
318198
318198
318198
318198
318276
318276
318292
318292
318292
318292
318292
318292
318292
318292
318432
318432
318432
318432
318432
318432
318432
318432
318432
318432
318448
318448
318526
318526
318526
318526
318542
318542
318542
318542
318542
318542
318557
318557
318557
318557
318557
318557
318557
318557
318557
318557
318573
318573
318677
318677
318693
318693
318693
318693
318693
318693
318693
318693
318771
318771
318771
318771
318771
318771
318787
318787
318787
318787
318976
318976
318976
318976
319008
319008
319008
319008
319194
319194
319628
319628
319768
319768
319768
319768
319768
319768
319768
319784
320078
320078
320174
320174
320190
320190
320206
320206
320221
320221
320284
320284
320299
320299
320440
320440
320440
320440
320456
320456
320534
320534
320549
320549
320643
320643
320674
320674
320674
320674
320674
320674
320674
320674
320924
320924
321002
321002
321434
321434
321434
321434
321546
321546
321546
321546
322249
322249
322671
322671
322671
322671
323511
323511
324414
324414
324430
324430
324510
324510
324510
324510
324510
324510
324526
324526
324620
324620
324620
324620
324620
324620
324635
324635
324635
324635
324635
324635
324635
324635
324635
324635
324745
324745
324760
324760
324760
324760
324760
324760
324760
324760
324776
324776
324823
324823
324885
324885
324995
324995
324995
324995
324995
324995
325010
325010
325104
325104
325120
325120
325120
325120
325120
325120
325120
325120
325135
325135
325135
325135
325229
325229
325229
325229
325229
325229
325245
325245
325245
325245
325245
325245
325260
325260
325260
325260
325260
325260
325260
325260
325385
325385
325385
325385
325385
325385
325385
325385
325401
325401
325401
325401
325401
325401
325489
325489
325489
325489
325489
325489
325489
325489
325489
325489
325489
325489
325583
325583
325583
325583
325583
325583
325614
325614
325723
325723
326022
326022
326038
326038
326319
326319
326366
326366
326366
326366
326475
326475
326475
326475
326475
326475
326770
326770
326770
326770
326910
326910
326926
326926
326990
326990
327006
327006
327006
327006
327006
327006
327022
327022
327022
327022
327115
327115
327131
327131
327131
327131
327147
327147
327147
327147
327162
327162
327240
327240
327240
327240
327256
327256
327256
327256
327256
327256
327615
327615
327709
327709
328172
328172
328281
328281
328281
328281
328297
328297
328612
328612
329419
329419
329517
329517
331468
331468
331468
331468
331468
331468
331484
331484
331484
331484
331577
331577
331577
331577
331577
331577
331624
331624
331671
331671
331687
331687
331687
331687
331687
331687
331687
331687
331780
331780
331780
331780
331780
331780
331780
331780
331796
331796
331796
331796
331905
331905
331905
331905
331905
331905
331905
331905
331999
331999
331999
331999
331999
331999
331999
331999
332015
332015
332015
332015
332015
332015
332124
332124
332140
332140
332140
332140
332140
332140
332140
332140
332140
332140
332155
332155
332234
332234
332234
332234
332234
332234
332234
332234
332255
332260
332260
332260
332260
332260
332260
332260
332260
332260
332260
332260
332385
332385
332385
332385
332385
332385
332385
332385
332401
332401
332432
332432
332464
332465
332465
332465
332465
332465
332481
332481
332481
332481
332481
332481
332575
332575
332606
332606
332606
332606
333200
333200
333325
333325
333356
333356
333356
333356
333356
333356
333371
333371
333496
333496
333590
333590
333616
333616
333837
333837
333884
333884
333977
333977
334009
334009
334024
334024
334149
334149
334149
334149
334165
334165
334165
334165
334165
334165
334378
334378
334378
334378
334378
334378
334394
334394
334583
334583
334599
334599
335283
335283
335705
335705
336356
336356
336356
336356
336356
336356
336449
336465
337370
337370
337479
337479
338694
338694
338851
338851
338851
338851
338866
338866
338976
338976
338991
338991
339095
339095
339095
339095
339095
339095
339189
339189
339189
339189
339204
339204
339204
339204
339204
339204
339220
339220
339220
339220
339342
339342
339342
339342
339357
339357
339357
339357
339357
339357
339466
339466
339466
339466
339466
339466
339466
339466
339482
339482
339482
339482
339498
339498
339609
339609
339609
339609
339609
339609
339609
339609
339625
339625
339625
339625
339750
339750
339750
339750
339750
339750
339750
339750
339750
339765
339765
339765
339781
339781
339781
339781
339890
339890
339906
339906
339906
339906
339906
339906
339922
339922
339922
339922
339969
339969
339969
339969
340001
340001
340016
340016
340016
340016
340047
340047
340047
340047
340063
340063
340063
340063
340079
340079
340079
340079
340079
340079
340079
340079
340174
340175
340190
340190
340190
340190
340206
340206
340362
340362
340827
340827
341140
341140
341140
341140
341218
341218
341249
341249
341265
341265
341358
341358
341390
341390
341405
341405
341405
341405
341733
341733
341837
341837
341837
341837
341853
341853
341853
341853
341962
341962
342011
342011
342136
342136
342136
342136
342136
342136
342292
342292
342292
342292
342292
342292
342292
342292
342292
342292
342308
342308
342417
342417
342792
342792
342792
342792
343867
343867
343867
343867
343867
343867
343867
343867
344195
344195
344289
344289
344769
344769
344785
344785
344785
344785
345924
345924
346457
346457
346457
346457
346457
346457
346457
346457
346473
346473
346567
346567
346567
346567
346613
346613
346660
346660
346660
346660
346676
346676
346676
346676
346676
346676
346676
346676
346832
346832
346832
346832
346832
346832
346832
346832
346832
346832
346848
346848
346879
346879
346957
346957
346957
346957
346957
346957
346957
346957
346973
346973
346973
346973
347098
347098
347098
347098
347098
347098
347098
347098
347113
347113
347113
347113
347113
347113
347207
347207
347207
347207
347223
347223
347223
347223
347223
347223
347243
347249
347249
347249
347358
347358
347374
347374
347374
347374
347374
347374
347389
347389
347389
347389
347405
347405
347405
347405
347405
347405
347436
347436
347485
347485
347501
347501
347517
347517
347532
347532
347548
347548
347641
347641
347641
347641
347673
347673
347673
347673
347673
347673
347673
347673
347673
347673
347688
347688
347688
347688
347688
347688
347813
347813
347813
347813
348266
348266
348604
348604
348604
348604
348604
348604
348651
348651
348651
348651
348651
348651
348667
348667
348729
348729
348761
348761
348761
348761
349091
349091
349122
349122
349138
349153
349153
349153
349231
349231
349247
349247
349367
349367
349382
349382
349476
349476
349476
349476
349476
349476
349476
349476
349476
349492
349492
349492
349492
349492
349603
349603
349603
349603
349603
349603
349972
349972
350097
350097
350253
350253
351145
351145
351145
351145
351270
351270
351270
351270
351468
351468
351468
351468
351720
351720
351954
351954
351954
351954
352063
352063
352063
352063
352063
352063
353607
353607
353607
353607
353716
353716
353716
353716
353825
353825
353825
353825
353825
353825
353841
353841
353841
353841
353981
353981
353981
353981
353981
353981
353981
353981
353997
353997
354116
354116
354116
354116
354116
354116
354116
354116
354132
354132
354132
354132
354132
354132
354194
354194
354241
354241
354241
354241
354241
354241
354241
354241
354241
354241
354257
354257
354257
354257
354379
354379
354394
354394
354394
354394
354394
354394
354394
354394
354394
354394
354394
354394
354410
354410
354410
354410
354410
354410
354519
354519
354519
354519
354535
354535
354535
354535
354535
354535
354550
354550
354550
354550
354550
354550
354550
354550
354615
354615
354678
354678
354693
354693
354724
354724
354724
354724
354724
354724
354787
354787
354787
354787
354818
354818
354818
354818
354818
354818
354818
354818
354818
354818
354974
354974
354974
354974
354974
354974
354974
354974
354990
354990
355099
355099
355752
355752
355783
355783
355783
355783
355783
355783
355846
355846
355846
355861
355877
355877
355908
355908
355908
355908
355986
355986
355986
355986
356018
356018
356486
356486
356517
356517
356517
356517
356674
356674
356689
356689
356689
356689
356689
356689
356810
356810
356825
356825
356825
356825
356825
356825
356825
356825
356841
356841
356841
356841
356981
356981
356981
356981
356981
356981
356997
356997
357390
357390
357593
357593
357593
357608
359183
359183
359183
359183
359183
359183
359443
359443
359805
359805
359805
359805
359914
359914
359914
359914
360023
360023
360023
360023
360258
360258
360367
360367
361520
361520
361535
361535
361582
361582
361645
361645
361645
361645
361660
361660
361754
361754
361754
361754
361769
361769
361816
361816
361863
361863
361879
361879
361879
361879
361879
361879
361879
361894
361894
361894
362004
362004
362004
362004
362004
362004
362004
362004
362004
362004
362019
362019
362019
362019
362129
362129
362129
362129
362129
362129
362129
362129
362129
362129
362144
362144
362144
362144
362144
362144
362160
362160
362279
362279
362279
362279
362279
362279
362279
362279
362279
362279
362295
362295
362295
362295
362295
362295
362404
362404
362404
362404
362420
362420
362420
362420
362420
362420
362420
362420
362420
362420
362453
362453
362485
362485
362532
362532
362532
362532
362547
362547
362563
362563
362563
362563
362563
362563
362563
362563
362563
362563
362656
362656
362656
362656
362688
362688
362766
362766
362797
362797
362797
362797
362797
362797
362797
362797
362797
362797
362797
362797
362813
362813
362813
362813
362813
362813
362922
362922
362922
362922
362922
362922
363094
363094
363516
363516
363563
363563
363563
363563
363635
363635
363635
363635
363666
363666
363666
363666
363666
363666
363666
363666
363682
363682
363744
363744
363775
363775
363809
363809
363809
363809
363918
363918
364168
364168
364293
364293
364293
364309
364309
364309
364309
364309
364407
364407
364413
364413
364413
364413
364506
364506
364506
364506
364506
364506
364506
364506
364522
364522
364522
364522
364522
364522
364538
364538
364635
364635
364650
364650
364650
364650
365122
365138
365265
365265
365390
365390
366244
366244
366341
366341
366403
366403
366546
366546
366546
366546
366546
366546
366905
366905
366921
366921
367030
367030
367046
367046
367046
367046
367046
367046
367046
367046
367343
367343
367343
367343
367884
367884
368870
368870
369193
369193
369208
369208
369208
369208
369208
369208
369335
369335
369335
369335
369439
369439
369455
369455
369455
369455
369455
369455
369470
369470
369470
369470
369502
369502
369502
369502
369580
369580
369595
369595
369595
369595
369595
369595
369595
369595
369595
369595
369645
369645
369723
369723
369723
369723
369723
369723
369723
369723
369738
369738
369738
369738
369785
369785
369848
369848
369848
369848
369848
369848
369848
369848
369848
369848
369863
369863
369863
369863
369863
369863
369863
369863
369863
369863
369973
369973
369988
369988
369988
369988
369988
369988
369988
369988
370004
370004
370004
370004
370124
370124
370124
370124
370124
370124
370140
370140
370156
370156
370171
370171
370249
370249
370283
370283
370298
370298
370298
370298
370298
370298
370392
370392
370418
370418
370418
370418
370433
370433
370527
370527
370558
370558
370558
370558
370558
370558
370558
370558
370574
370574
370574
370574
370574
370574
370574
370574
370701
370701
371318
371318
371396
371396
371396
371396
371396
371396
371412
371412
371443
371443
371443
371443
371443
371443
371443
371443
371443
371443
371458
371458
371521
371537
371537
371537
371537
371537
371537
371537
371552
371552
371583
371583
371599
371599
371599
371599
371662
371662
371708
371708
372111
372111
372127
372127
372127
372127
372174
372174
372267
372267
372283
372283
372283
372283
372423
372423
372439
372439
372439
372439
372439
372439
372590
372590
372590
372590
372605
372605
372605
372605
372605
372605
372605
372605
372605
372605
372764
372764
373620
373620
373620
373620
374800
374800
374925
374925
374925
374925
375050
375050
375175
375175
375175
375175
375425
375425
375519
375519
375534
375534
375550
375550
375675
375675
376656
376656
376874
376874
376874
376874
376874
376874
376953
376953
376999
376999
376999
376999
377062
377062
377062
377062
377062
377062
377171
377171
377187
377187
377187
377187
377275
377275
377275
377275
377291
377291
377291
377291
377291
377291
377291
377291
377291
377291
377306
377306
377400
377400
377416
377416
377416
377416
377416
377416
377416
377416
377527
377527
377527
377527
377527
377527
377527
377527
377527
377527
377527
377527
377636
377636
377636
377652
377652
377652
377652
377652
377652
377652
377652
377652
377652
377652
377652
377652
377652
377652
377652
377652
377668
377668
377730
377730
377761
377761
377777
377777
377777
377777
377777
377777
377777
377777
377886
377886
377886
377886
377902
377902
377902
377902
377918
377918
377918
377918
377933
377933
377933
377933
377933
377933
377933
377933
378011
378011
378027
378043
378043
378043
378136
378136
378136
378136
378168
378168
378168
378168
378183
378183
378183
378183
378293
378293
378293
378293
378293
378293
378308
378308
378308
378308
379227
379227
379242
379242
379289
379289
379289
379289
379352
379352
379367
379367
379383
379383
379398
379398
379398
379398
379398
379398
379414
379414
379414
379414
379414
379414
379414
379414
379414
379414
379502
379502
379518
379518
379549
379549
379549
379549
379565
379565
379723
379723
379848
379848
379895
379895
380061
380061
380235
380235
380235
380235
380391
380391
380391
380391
380423
380423
380563
380563
380563
380563
380563
380563
380563
380563
380563
380563
380579
380579
380579
380579
380579
380579
380579
380579
380579
380579
380595
380595
380704
380704
380719
380719
380845
380845
381464
381464
381575
381575
382184
382184
383149
383149
383228
383243
383259
383259
383259
383259
383368
383368
383368
383368
383368
383368
383399
383399
383509
383509
383681
383681
383681
383681
383915
383915
383915
383915
384908
384908
385158
385158
385158
385158
385424
385424
385424
385424
385895
385895
386035
386035
386035
386035
386160
386160
386160
386160
386160
386160
386269
386269
386285
386285
386394
386394
386394
386394
386410
386410
386410
386410
386410
386410
386410
386410
386410
386426
386426
386426
386551
386551
386551
386551
386551
386551
386551
386551
386551
386551
386707
386707
386722
386722
386722
386722
386738
386738
386889
386889
386889
386889
386889
386889
386889
386889
387032
387032
387032
387032
387032
387032
387032
387032
387047
387047
387047
387047
387047
387047
387047
387047
387047
387047
387047
387047
387157
387157
387172
387172
387172
387172
387172
387172
387282
387282
387313
387313
387313
387313
387313
387313
387313
387313
387328
387328
387328
387328
387328
387328
387328
387328
387328
387328
387407
387407
387407
387407
387438
387438
387453
387453
387563
387563
387672
387672
387672
387672
387781
387781
387781
387781
387781
387781
387797
387797
387797
387797
387922
387922
388094
388094
388450
388450
388466
388466
388466
388466
388606
388606
388606
388606
388606
388606
388606
388606
388606
388606
388684
388684
388684
388684
388700
388700
388731
388731
388731
388731
388731
388731
388731
388731
388794
388794
388840
388840
388840
388840
388950
388950
388965
388965
388965
388965
389137
389153
389153
389153
389184
389184
389309
389309
389434
389434
389434
389434
389538
389538
389553
389553
389647
389647
389647
389647
389647
389647
389647
389647
389647
389647
389774
389774
389774
389774
389774
389774
389774
389774
389774
389774
389868
389868
389884
389884
389884
389884
389884
389884
389884
389884
390477
390477
390587
390587
392239
392239
392255
392255
392255
392255
392270
392270
392364
392364
392380
392380
392380
392380
392380
392380
392395
392395
392395
392395
392833
392833
392926
392926
392926
392926
393036
393036
393504
393504
393864
393864
393967
393967
394092
394092
394233
394233
394233
394233
394558
394558
394558
394558
394558
394573
394573
394573
394698
394698
394698
394698
394810
394810
394810
394810
394810
394810
394825
394825
394825
394825
394841
394841
394841
394841
394841
394841
394841
394841
394955
394955
394958
394958
394960
394960
394960
394960
394960
394960
394960
394960
394976
394976
395085
395085
395101
395101
395101
395101
395101
395101
395116
395116
395116
395116
395228
395244
395244
395244
395244
395244
395244
395244
395244
395244
395337
395337
395368
395368
395368
395368
395384
395384
395384
395384
395384
395384
395384
395384
395384
395384
395384
395384
395400
395400
395400
395400
395509
395509
395509
395509
395509
395509
395509
395509
395509
395509
395509
395509
395525
395525
395525
395525
395525
395525
395525
395525
395540
395540
395540
395540
395650
395650
395697
395697
395697
395697
395775
395775
395931
395931
395931
395931
395947
395947
395947
395947
396025
396025
396056
396056
396071
396071
396521
396521
396521
396521
396552
396552
396630
396630
396646
396646
396646
396646
396677
396677
396677
396677
396755
396755
396771
396771
396818
396818
396833
396833
396833
396833
396833
396833
396833
396833
396833
396833
396849
396849
396896
396896
396896
396896
396943
396943
396958
396958
396958
396958
396958
396958
397099
397099
397193
397193
397224
397224
397349
397349
397505
397505
397505
397505
397505
397505
397630
397630
397630
397630
397630
397630
397630
397630
397661
397661
397749
397749
397765
397765
397765
397765
397765
397765
397874
397874
397874
397874
397892
397892
397892
397892
397892
397892
397892
397892
397892
397892
397892
397892
398033
398033
398033
398033
398423
398423
398517
398517
398532
398532
398923
398923
399555
399555
399633
399633
399916
399916
399916
399916
400025
400025
400025
400025
400041
400041
400072
400072
400193
400193
400302
400302
400415
400415
400447
400447
400447
400447
401308
401308
401511
401511
401542
401542
401683
401683
401818
401818
401912
401912
401927
401927
401992
401992
402133
402133
402148
402148
402148
402148
402148
402148
402164
402164
402211
402211
402320
402320
402320
402320
402383
402383
402383
402383
402383
402383
402383
402383
402383
402383
402398
402398
402398
402398
402398
402398
402414
402414
402414
402414
402414
402414
402414
402414
402523
402523
402523
402523
402539
402539
402539
402539
402539
402539
402539
402539
402539
402539
402679
402679
402695
402695
402695
402695
402695
402695
402789
402789
402789
402789
402805
402805
402820
402820
402820
402820
402820
402820
402820
402820
402820
402820
402820
402820
402820
402820
402820
402820
402976
402976
402976
402976
402992
402992
402992
402992
402992
402992
403008
403008
403008
403008
403008
403008
403008
403008
403117
403117
403117
403117
403117
403117
403117
403117
403117
403117
403117
403117
403117
403117
403138
403143
403143
403143
403143
403143
403159
403159
403552
403552
403661
403661
403817
403817
403817
403817
403817
403817
403833
403833
403833
403833
403833
403833
403833
403833
403942
403942
404304
404304
404416
404416
404431
404431
404478
404478
404478
404478
404566
404566
404566
404566
404582
404582
404598
404598
404598
404598
404629
404629
404644
404644
404644
404644
404644
404644
404644
404644
404772
404772
404772
404772
404787
404787
404787
404787
404787
404787
404787
404787
404943
404943
404964
404965
405064
405064
405238
405238
405269
405269
405269
405269
405285
405285
405441
405441
405441
405441
405457
405457
405504
405504
405597
405597
405597
405597
405597
405597
405722
405722
405738
405738
405888
405888
405888
405888
405888
405888
405888
405888
405904
405904
405904
405904
405904
405904
406062
406062
406062
406062
406062
406062
406187
406187
406203
406203
406593
406593
406593
406593
407093
407093
407449
407449
407590
407590
407824
407824
407840
407840
408105
408105
408121
408121
408121
408121
408121
408121
408246
408246
408371
408371
408418
408418
408418
408418
408512
408512
408527
408527
408527
408527
408527
408527
408662
408662
408662
408662
408709
408709
408837
408837
408993
408993
409227
409227
409737
409737
409849
409849
409864
409864
409984
409984
409984
409984
410124
410124
410140
410140
410267
410267
410376
410376
410376
410376
410392
410392
410439
410439
410517
410517
410517
410517
410664
410664
410664
410664
410679
410679
410822
410822
410822
410822
410822
410822
410822
410822
410822
410822
410822
410822
410822
410838
410838
410838
410838
410838
410838
410838
410963
410963
410963
410963
410978
410978
410978
410978
410978
410978
410978
410978
410978
410978
411394
411394
411394
411394
411441
411441
411441
411441
411457
411457
411457
411457
411457
411457
411568
411568
411568
411568
411584
411584
411584
411584
411584
411584
411584
411584
411584
411584
411740
411740
411740
411740
411740
411740
411740
411740
411756
411756
411756
411756
411756
411756
411756
411756
411772
411772
411772
411772
411881
411881
411881
411881
411896
411896
411896
411896
411896
411896
411912
411912
412021
412021
412178
412178
412209
412209
412209
412209
412396
412396
412396
412396
412396
412396
412396
412396
412412
412412
412412
412412
412828
412844
412859
412859
412987
412987
413002
413002
413018
413018
413049
413065
413065
413065
413236
413236
413252
413252
413361
413361
413377
413377
413393
413393
413424
413424
413424
413424
413424
413424
413549
413549
413549
413549
413549
413549
413549
413549
413549
413549
413565
413565
413754
413754
413754
413754
413754
413754
413754
413754
414007
414007
414007
414007
414022
414022
414245
414245
414277
414277
414277
414277
414277
414277
414308
414308
414402
414402
414417
414417
414417
414417
414542
414542
414542
414542
414542
414542
414542
414542
414561
414561
414686
414686
414686
414686
414701
414701
414701
414701
414701
414701
414701
414701
415081
415081
415097
415097
415128
415128
415128
415128
416108
416108
416342
416342
416483
416483
416818
416818
416880
416880
416927
416927
416927
416927
416927
416927
417039
417039
417164
417164
417164
417164
417211
417211
417280
417280
417343
417343
417436
417436
417436
417436
417626
417626
417642
417642
417985
417985
418245
418245
418404
418404
418560
418560
418591
418591
418701
418701
418716
418716
418919
418919
419013
419013
419107
419107
419107
419107
419263
419263
419263
419263
419279
419279
419325
419325
419554
419554
419554
419554
419554
419554
419570
419570
419570
419570
419570
419570
419570
419570
419570
419570
419585
419585
419710
419710
419710
419710
419710
419710
419710
419710
419710
419710
419710
419710
419710
419710
419726
419726
419726
419726
419822
419822
419868
419868
419868
419868
419884
419884
419884
419884
419900
419900
419900
419900
419900
419900
419993
419993
420040
420040
420040
420040
420040
420040
420040
420040
420040
420040
420040
420040
420212
420212
420212
420212
420212
420212
420212
420212
420228
420228
420228
420228
420228
420228
420228
420228
420228
420228
420247
420247
420397
420397
420397
420397
420397
420397
420397
420397
420397
420397
420397
420397
420412
420412
420412
420412
420428
420428
420428
420428
420539
420539
420539
420539
420539
420539
420649
420649
420696
420696
420711
420711
420805
420805
420836
420836
420836
420836
420836
420836
420855
420863
421004
421004
421004
421004
421004
421004
421381
421381
421396
421396
421474
421474
421474
421474
421615
421615
421631
421631
421677
421677
421677
421677
421818
421818
421818
421818
421818
421818
421818
421818
421818
421818
421818
421818
421959
421959
421974
421974
421974
421974
421974
421974
421990
421990
422115
422115
422115
422115
422330
422330
422392
422392
422455
422455
422502
422502
422502
422502
422533
422533
422736
422736
422736
422736
422924
422924
422955
422955
422955
422955
422986
422986
423002
423002
423160
423160
423175
423175
423175
423175
423191
423191
423206
423206
423349
423349
423365
423365
423380
423380
423380
423380
423396
423396
423597
423597
423612
423612
423628
423628
423835
423851
424212
424212
424337
424337
425334
425334
425711
425711
425711
425711
425711
425711
425833
425833
425942
425942
425942
425942
425958
425958
426098
426098
426129
426129
426304
426312
426533
426533
426689
426689
427314
427314
427330
427330
427889
427889
427982
427982
428061
428061
428092
428092
428217
428217
428232
428232
428232
428232
428279
428279
428326
428326
428436
428436
428451
428451
428451
428451
428576
428576
428576
428576
428576
428576
428576
428576
428592
428592
428592
428592
428592
428592
428592
428592
428592
428592
428592
428592
428592
428592
428717
428717
428717
428717
428717
428717
428732
428732
428732
428732
428732
428732
428810
428810
428826
428826
428826
428826
428842
428842
428857
428857
428857
428857
428857
428857
428873
428873
428873
428873
428873
428873
429013
429013
429013
429013
429013
429013
429013
429013
429013
429013
429013
429013
429013
429013
429013
429013
429039
429039
429039
429039
429133
429133
429149
429149
429149
429149
429149
429149
429149
429149
429149
429149
429149
429149
429164
429164
429164
429164
429164
429164
429164
429164
429164
429164
429276
429276
429276
429276
429276
429276
429291
429291
429416
429416
429432
429432
429432
429432
429526
429526
429526
429526
429557
429557
429557
429557
429573
429573
429573
429573
429573
429573
429573
429573
429692
429692
429692
429692
429708
429708
429866
429866
430054
430054
430319
430319
430319
430319
430335
430335
430335
430335
430335
430335
430366
430366
430366
430366
430366
430366
430382
430393
430472
430472
430503
430503
430503
430503
430630
430630
430630
430630
430645
430645
430645
430645
430645
430645
430645
430645
430645
430645
430755
430755
430755
430755
430880
430880
431005
431005
431036
431036
431161
431161
431161
431161
431177
431177
431192
431192
431286
431286
431302
431302
431302
431302
431302
431302
431302
431302
431317
431317
431411
431411
431411
431411
431427
431427
431458
431458
431552
431552
431552
431552
431552
431552
431567
431567
431567
431567
431692
431692
431723
431723
431723
431723
431723
431723
431723
431723
431723
431723
431827
431827
431952
431952
432235
432235
432235
432235
432860
432860
433544
433544
433560
433560
433669
433669
433669
433669
433685
433685
433685
433685
433810
433810
433810
433810
433825
433825
433935
433935
433950
433950
434044
434060
434060
434060
434075
434075
434185
434185
434200
434200
434247
434247
434247
434247
434648
434648
434994
435009
435119
435119
435119
435119
435426
435426
435553
435553
435756
435756
435756
435756
435788
435788
435892
435892
435892
435892
435892
435892
436016
436016
436144
436144
436144
436144
436144
436144
436144
436144
436159
436159
436159
436159
436159
436159
436159
436175
436393
436393
436393
436393
436393
436393
436393
436393
436393
436393
436393
436393
436393
436393
436408
436408
436487
436487
436502
436502
436518
436518
436533
436533
436533
436533
436676
436676
436707
436707
436707
436707
436707
436707
436707
436707
436707
436707
436707
436707
436707
436707
436707
436707
436723
436723
436723
436723
436723
436723
436848
436848
436848
436848
436848
436848
436848
436848
436848
436848
436864
436864
436864
436864
436864
436864
436864
436864
436864
436864
436989
436989
436989
436989
436989
436989
436989
436989
436989
436989
437004
437004
437020
437020
437020
437020
437020
437020
437233
437233
437296
437296
437296
437296
437389
437389
437423
437423
437423
437423
437423
437423
437423
437423
437423
437423
437423
437423
437423
437423
437438
437438
437438
437438
437595
437595
437595
437595
437595
437595
437657
437657
437766
437766
438126
438126
438126
438126
438126
438126
438126
438126
438219
438219
438219
438219
438219
438219
438235
438235
438235
438235
438266
438266
438266
438266
438423
438423
438423
438423
438547
438547
438547
438547
438547
438547
438547
438547
438547
438547
438568
438575
438575
438575
438684
438684
438700
438700
438700
438700
438715
438715
438858
438858
438967
438967
438967
438967
438999
438999
438999
438999
439014
439014
439124
439124
439124
439124
439139
439139
439264
439264
439264
439264
439280
439280
439280
439280
439280
439280
439280
439280
439311
439311
439311
439311
439405
439405
439405
439405
439421
439421
439530
439530
439545
439545
439561
439561
439561
439561
439561
439561
439561
439561
439577
439577
439665
439665
439696
439696
439696
439696
439696
439696
439712
439712
439823
439823
439839
439839
439870
439870
440084
440084
440257
440257
440273
440273
440414
440414
440429
440429
440851
440851
442113
442113
442113
442113
442113
442113
442113
442113
442222
442222
442238
442238
442238
442238
442363
442363
442379
442379
442733
442733
442875
442875
443016
443016
443172
443172
443172
443172
443360
443360
443485
443485
443813
443813
443828
443828
443953
443953
443984
443984
444512
444512
444512
444512
444528
444528
444639
444639
444733
444733
444733
444733
444749
444749
444749
444749
444764
444764
444796
444796
444907
444907
444907
444907
444907
444907
444907
444907
444907
444907
444907
444907
444907
444907
444907
444907
444923
444923
445001
445001
445016
445016
445048
445048
445048
445048
445063
445063
445157
445157
445157
445157
445157
445157
445173
445173
445173
445173
445173
445173
445313
445313
445313
445313
445313
445313
445313
445313
445313
445313
445313
445313
445313
445313
445313
445313
445313
445313
445329
445329
445329
445329
445433
445433
445433
445433
445433
445433
445433
445433
445433
445433
445433
445433
445449
445449
445449
445449
445449
445449
445449
445449
445449
445449
445449
445449
445558
445558
445558
445558
445574
445574
445810
445810
445810
445810
445826
445826
445826
445826
445919
445919
445951
445951
445951
445951
445951
445951
445951
445951
445951
445951
445951
445951
445951
445951
446013
446013
446013
446013
446076
446076
446091
446091
446091
446091
446091
446091
446450
446450
446450
446450
446523
446523
446523
446523
446538
446538
446554
446554
446585
446585
446663
446663
446663
446663
446681
446681
446754
446754
446754
446754
446879
446879
446879
446879
446879
446879
446879
446879
446990
446990
447021
447021
447037
447037
447037
447037
447037
447037
447146
447146
447146
447146
447146
447146
447162
447162
447287
447287
447428
447428
447443
447443
447443
447443
447599
447599
447599
447599
447599
447599
447615
447615
447615
447615
447631
447631
447631
447631
447740
447740
447740
447740
447740
447740
447865
447865
447881
447881
447990
447990
447990
447990
448006
448006
448021
448021
448021
448021
448156
448156
448156
448156
448172
448172
448172
448172
448172
448172
448172
448172
448312
448312
448580
448580
448705
448705
449762
449762
450358
450358
450358
450358
450358
450358
450467
450467
450467
450467
450483
450483
450483
450483
450608
450608
450608
450608
451151
451151
451292
451292
451401
451417
451573
451573
451755
451755
451755
451755
451802
451802
451911
451911
452236
452236
452267
452267
452723
452723
452738
452738
452801
452801
452961
452961
452961
452961
452976
452976
453101
453101
453117
453117
453148
453148
453148
453148
453253
453253
453268
453268
453268
453268
453268
453268
453268
453268
453284
453284
453284
453284
453378
453378
453378
453378
453409
453409
453427
453427
453427
453427
453427
453427
453427
453427
453427
453427
453427
453427
453427
453427
453578
453578
453593
453593
453593
453593
453718
453718
453734
453734
453734
453734
453734
453734
453734
453734
453734
453734
453749
453749
453749
453749
453749
453749
453749
453749
453830
453830
453923
453923
453923
453923
453923
453923
453923
453923
453923
453923
453923
453923
453939
453939
453939
453939
453939
453939
454064
454064
454064
454064
454095
454095
454095
454095
454095
454095
454111
454111
454501
454501
454533
454533
454548
454548
454548
454548
454548
454548
454548
454548
454548
454548
454611
454611
454683
454683
454699
454699
454699
454699
454699
454699
454699
454699
454699
454699
454889
454889
454904
454904
454904
454904
454977
454977
455118
455118
455542
455542
455807
455807
455823
455823
455948
455948
455995
455995
455995
455995
456104
456104
456136
456136
456167
456167
456276
456276
456318
456318
456318
456318
456318
456318
456318
456318
456318
456318
456318
456318
456318
456318
456318
456318
456459
456459
456459
456459
456459
456459
456474
456474
456602
456602
456727
456727
456727
456727
456742
456742
456773
456773
456789
456789
456930
456930
456930
456930
456930
456930
456945
456945
456961
456961
457055
457055
457055
457055
457055
457055
457055
457055
457086
457086
457086
457086
457195
457195
457195
457195
457320
457320
457320
457320
457398
457398
457430
457430
457445
457445
457445
457445
457445
457445
457461
457461
457461
457461
457461
457461
457586
457586
457721
457721
457973
457973
458113
458113
458926
458926
459453
459453
459453
459453
459531
459531
459531
459531
459547
459547
459547
459547
459547
459547
459760
459760
459776
459776
460231
460231
460325
460325
460382
460382
460475
460475
460475
460475
460507
460507
460884
460884
461056
461056
461181
461181
461196
461196
461306
461306
461462
461462
461587
461587
462333
462333
462443
462443
462443
462443
462583
462583
462677
462677
462693
462693
462708
462708
462708
462708
462708
462708
462708
462708
462708
462708
462708
462708
462724
462724
462724
462724
462724
462724
462802
462802
462802
462802
462802
462802
462833
462833
462833
462833
462849
462849
462849
462849
462849
462849
462974
462974
462974
462974
463083
463083
463109
463109
463249
463249
463249
463249
463249
463249
463249
463249
463265
463265
463265
463265
463265
463265
463265
463265
463390
463390
463390
463390
463390
463390
463390
463390
463390
463390
463390
463390
463390
463390
463408
463408
463423
463423
463423
463423
463533
463533
463533
463533
463533
463533
463533
463533
463548
463548
463548
463548
463548
463548
463673
463673
463673
463673
463689
463689
463689
463689
463705
463705
463861
463861
463908
463908
463954
463954
464017
464017
464048
464048
464079
464079
464079
464079
464095
464095
464158
464158
464236
464236
464236
464236
464251
464251
464251
464251
464251
464251
464329
464329
464376
464376
464376
464376
464392
464392
464408
464408
464454
464454
464454
464454
464590
464590
464730
464730
464746
464746
464746
464746
464824
464824
464824
464824
464855
464855
464997
464997
464997
464997
465013
465013
465091
465091
465153
465153
465231
465231
465278
465278
465278
465278
465434
465434
465434
465434
465544
465544
465544
465544
465544
465544
465544
465544
465544
465544
465559
465559
465559
465559
465669
465669
465669
465669
465778
465778
465809
465809
465921
465921
465921
465921
466031
466031
466157
466157
466298
466298
466298
466298
466298
466298
466298
466298
466314
466314
466314
466314
466329
466329
466329
466329
466329
466329
466392
466392
466407
466407
466423
466423
466439
466439
466439
466439
466548
466548
466564
466564
466564
466564
466689
466689
466689
466689
466689
466689
466689
466689
466704
466704
466938
466938
466938
466938
466954
466954
466954
466954
467032
467032
467063
467063
467079
467079
467435
467435
467435
467435
468544
468544
468570
468570
469082
469082
469113
469113
469113
469113
469225
469225
469225
469225
469350
469350
469350
469350
469365
469365
469506
469506
469522
469522
469909
469909
470187
470187
470625
470625
470750
470750
470859
470859
470968
470968
471262
471262
471278
471278
471418
471418
471951
471951
472029
472029
472061
472061
472061
472061
472139
472139
472154
472154
472154
472154
472295
472311
472404
472404
472404
472404
472436
472436
472451
472451
472451
472451
472451
472451
472451
472451
472467
472467
472545
472545
472576
472576
472576
472576
472576
472576
472592
472592
472592
472592
472592
472592
472711
472711
472727
472727
472727
472727
472727
472727
472727
472727
472854
472854
472979
472979
472995
472995
472995
472995
472995
472995
472995
472995
472995
472995
473010
473010
473120
473120
473135
473135
473135
473135
473135
473135
473135
473135
473135
473135
473135
473135
473245
473245
473245
473245
473245
473245
473245
473245
473245
473245
473260
473260
473260
473260
473260
473260
473276
473276
473276
473276
473401
473401
473401
473401
473401
473401
473401
473401
473401
473416
473416
473416
473416
473416
473448
473448
473557
473557
473619
473619
473651
473651
473682
473682
473682
473682
473729
473729
473744
473744
473932
473932
473932
473932
473932
473932
473947
473947
473947
473947
474011
474021
474084
474084
474084
474084
474131
474131
474131
474131
474146
474146
474224
474225
474226
474226
474226
474226
474242
474242
474242
474242
474305
474305
474305
474305
474320
474320
474430
474430
474476
474476
474476
474476
474508
474508
474508
474508
474601
474601
474633
474633
474648
474648
474648
474648
474721
474721
474721
474721
474799
474799
474926
474926
474926
474926
475348
475348
475348
475348
475467
475467
475467
475467
475467
475467
475483
475483
475483
475483
475594
475594
475594
475594
475719
475719
475750
475750
475750
475750
475875
475875
475875
475875
475922
475922
476047
476047
476047
476047
476172
476172
476172
476172
476219
476219
476313
476313
476313
476313
476328
476328
476328
476328
476328
476328
476328
476328
476344
476344
476453
476453
476470
476470
476472
476472
476474
476474
476476
476476
476573
476573
476589
476589
476604
476604
476700
476700
476742
476742
476742
476742
476757
476757
477056
477056
477056
477056
477181
477181
477290
477290
477290
477290
477415
477415
477431
477431
477587
477587
478615
478615
478615
478630
479130
479130
479240
479240
479240
479240
479333
479333
479349
479349
479349
479349
479499
479499
479515
479515
479624
479624
480357
480357
480602
480602
480745
480745
480958
480958
481085
481085
481335
481335
481570
481570
481632
481632
481757
481757
482023
482023
482126
482126
482157
482157
482282
482282
482282
482282
482282
482282
482282
482282
482472
482472
482612
482612
482612
482612
482628
482628
482628
482628
482675
482675
482675
482675
482675
482675
482675
482675
482675
482675
482811
482811
482826
482826
482967
482967
482967
482967
482984
482985
482985
482985
482985
482985
482985
482985
483110
483110
483110
483110
483125
483125
483125
483125
483125
483125
483297
483297
483297
483297
483438
483438
483438
483438
483453
483453
483453
483453
483453
483453
483453
483453
483453
483453
483453
483453
483453
483453
483604
483604
483604
483604
483604
483604
483620
483620
483620
483620
483620
483620
483620
483620
483635
483635
483635
483635
483635
483635
483651
483651
483778
483778
483778
483778
483778
483778
483778
483778
483778
483778
483778
483778
483778
483778
483794
483794
483794
483794
483794
483794
483810
483810
483856
483856
483950
483950
483950
483950
483966
483966
484013
484013
484028
484028
484059
484059
484059
484059
484091
484091
484106
484106
484106
484106
484372
484372
484387
484387
484387
484387
484387
484387
484403
484403
484528
484528
484575
484575
484575
484575
484684
484684
484700
484700
484700
484700
484757
484757
484757
484757
484757
484757
484772
484772
484772
484772
484835
484835
484835
484835
484897
484897
484960
484960
485054
485054
485085
485101
485101
485101
485101
485101
485118
485118
485196
485196
485228
485228
485243
485243
485462
485462
485524
485524
485524
485524
485634
485634
485649
485649
485649
485649
485665
485665
485665
485665
485665
485665
485665
485665
485759
485759
485806
485806
485821
485821
486227
486227
486243
486243
486362
486362
486362
486362
486472
486472
486489
486489
486609
486609
486609
486609
486625
486625
486718
486718
486734
486734
486734
486734
486765
486765
486845
486845
486861
486861
486861
486861
486877
486877
486877
486877
486877
486877
486892
486892
486955
486955
486970
486970
486970
486970
487002
487002
487049
487049
487158
487158
487158
487158
487158
487158
487174
487174
487439
487439
487564
487564
487564
487564
487564
487564
487564
487564
487824
487824
487824
487824
487936
487936
487936
487936
488060
488060
488217
488217
31448
31464
51959
51959
54533
54533
63753
63753
66875
30634
30634
30867
30867
35939
35939
39716
39716
53284
53284
54206
54206
55783
55783
56080
56080
56127
56127
56158
56158
57605
57605
58932
58932
60474
60474
61894
61894
63296
63296
64776
64776
66104
66104
67460
67460
67907
67907
68581
68581
69065
69065
70436
70436
71727
71727
73159
73159
79010
79010
79182
79182
88776
88776
91350
91350
95934
95934
98024
98024
100177
100177
100348
100348
101080
101080
107920
107920
120872
120872
121059
121059
121263
121263
131176
131176
156779
156779
163791
163791
170220
170220
170314
170314
170579
170579
175013
175013
175372
175372
184664
184664
185585
185585
186070
186070
190230
190230
190324
190324
191277
191277
195538
195538
195632
195632
200249
200249
200249
200249
200437
200437
204604
204604
204979
204979
205057
205057
209284
209284
209284
209284
209721
209721
213696
213696
213805
213805
218675
218675
218675
218675
224029
224029
224108
224108
228821
228821
228821
228821
233210
233210
233507
233507
235241
235241
235319
235319
237800
237800
239194
239194
239959
239959
249303
249303
252452
252452
259106
259106
259528
259528
260496
260496
260684
260684
263614
263614
264595
264595
265313
265313
270445
270445
278963
278963
281631
281631
296103
296103
312627
312627
313734
313734
315074
315074
320159
320159
323201
323201
323376
323376
323862
323862
325081
325081
327674
327674
327674
327674
338807
338807
338823
338823
340666
340666
352602
352602
352696
352696
354411
354411
355364
355364
360809
360809
361415
361415
361519
361519
373196
373196
377875
377875
384008
384008
384008
384008
393837
393837
393930
393930
398899
398899
398930
398930
408123
408123
409510
409510
410459
410459
410569
410569
410647
410647
411534
411534
415576
415576
416763
416763
427732
427732
427794
427794
429572
429572
433258
433258
433258
433258
435213
435213
441484
441484
444755
444755
448761
448776
454745
454745
456089
456089
457010
457010
461675
461675
461675
461675
464062
464062
465328
465328
468217
468217
470141
470141
470657
470657
473172
473172
474728
474728
475041
475041
476428
476428
483372
483372
483466
483466
488668
488668
490755
490755
495778
495778
497356
497356
498684
498684
502164
502164
504738
504738
512642
512642
512642
512642
528902
528903
528909
528909
533205
533205
539130
539130
539491
539491
539647
539647
539710
539710
542056
542056
544015
544015
545017
545017
548373
548373
551822
551822
556577
556577
559913
559913
561819
561819
564690
564690
565908
565908
567623
567623
568373
568373
573518
573518
573920
573920
577117
577117
578351
578351
580940
580940
588600
588600
592477
592477
593636
593636
594398
594398
597060
597060
601486
601486
601486
601486
601533
601533
606740
606740
614613
614613
618534
618534
622303
622303
622303
622303
622927
622927
623442
623442
624171
624171
628556
628556
634536
634536
635630
635630
637439
637439
639776
639776
640694
640694
640694
640694
642597
642597
644777
644777
646652
646652
647261
647261
647542
647542
647558
647558
649135
649135
651272
651272
652147
652147
653147
653147
653241
653241
653350
653366
655299
655299
656949
656949
657433
657433
658417
658417
658433
658433
658667
658667
664038
664038
664147
664147
665222
665222
669842
669842
670030
670030
670030
670030
673479
673479
674566
674566
675708
675708
676020
676020
676020
676020
676176
676176
676424
676424
678363
678363
679766
679766
679766
679766
681531
681531
683359
683359
685282
685282
685391
685391
685485
685485
686782
686782
687235
687235
687360
687360
687438
687438
688685
688685
691653
691653
691668
691668
691887
691887
691887
691887
693230
693230
693324
693324
696645
696645
696660
696660
696863
696863
696863
696863
697348
697348
698160
698176
698269
698269
700762
700762
702371
702371
702465
702465
702559
702559
702793
702793
702887
702887
703261
703261
704552
704552
704820
704820
707187
707187
707187
707187
707719
707719
707719
707719
712245
712245
712385
712385
712901
712901
712994
712994
714567
714567
715350
715350
717612
717612
717612
717612
723131
723131
723240
723240
725355
725355
726007
726007
728418
728418
728512
728512
732498
732498
733341
733341
733357
733357
735219
735219
735891
735891
736516
736516
737063
737078
737916
737916
738825
738825
740961
740961
745112
745112
745534
745534
745534
745534
747342
747342
751006
751006
759497
759513
762087
762087
763552
763552
764793
764793
769369
769369
770037
770037
770143
770143
775844
775844
776078
776078
778137
778137
779444
779444
780765
780765
782758
782758
782758
782758
784678
784678
788498
788498
796642
796642
805325
805325
805325
805325
810892
810892
814403
814403
814575
814575
820208
820208
823586
823586
823758
823758
831177
831177
833520
833520
833863
833863
840634
840634
842714
842714
845414
845414
847519
847519
850435
850435
850890
850890
856274
856274
860598
860598
861280
861280
863809
863809
872730
872730
873918
873918
878424
878424
889083
889083
898997
898997
906594
906594
919742
919742
926680
926680
932706
932706
939508
939508
940425
940425
941630
941630
942520
942520
943610
943610
944732
944732
945744
945744
946568
946568
947455
947455
948299
948299
949123
949123
949883
949883
950344
950344
951267
951267
952144
952144
952965
952965
953825
953825
954555
954555
955411
955411
956569
956569
957691
957691
958594
958594
959356
959356
960550
960550
961455
961455
962452
962452
963280
963280
964026
964026
964849
964849
965707
965707
966562
966562
967468
967468
975922
975922
999845
999845
1006158
1006158
1008869
1008869
1011316
1011316
1016031
1016031
1025071
1025071
1039865
1039865
1047359
1047359
1047844
1047844
1047859
1047859
1051946
1051946
1064394
1064394
1067927
1067927
1071437
1071437
1076580
1076580
1077674
1077674
1077674
1077674
1081338
1081338
1083942
1083942
1084286
1084286
1084286
1084286
1086922
1086922
1090176
1090176
1090348
1090348
1090631
1090631
1095968
1095968
1096416
1096416
1096525
1096525
1096699
1096699
1096871
1096871
1102991
1102991
1103569
1103569
1103679
1103679
1103679
1103679
1103725
1103725
1106456
1106456
1110542
1110542
1111044
1111044
1117162
1117162
1117255
1117255
1117615
1117615
1117724
1117724
1121532
1121532
1122313
1122313
1122423
1122423
1122876
1122876
1122995
1122995
1122995
1122995
1125709
1125709
1126412
1126412
1129062
1129062
1129062
1129062
1129642
1129642
1129752
1129752
1129752
1129752
1129861
1129861
1131970
1131970
1135169
1135169
1135263
1135263
1135778
1135778
1135872
1135872
1135872
1135872
1136994
1136994
1137369
1137369
1137947
1137947
1138556
1138556
1139862
1139862
1140299
1140299
1141030
1141030
1141124
1141124
1141124
1141124
1141733
1141733
1141967
1141967
1142083
1142087
1142292
1142292
1145660
1145660
1146456
1146456
1146925
1146925
1147972
1147972
1148050
1148050
1148612
1148612
1148612
1148612
1148940
1148940
1152460
1152460
1154064
1154064
1154064
1154064
1154581
1154581
1154675
1154675
1155003
1155003
1155097
1155097
1158871
1158871
1160227
1160227
1160336
1160336
1160743
1160743
1160758
1160758
1160758
1160758
1160852
1160852
1160852
1160868
1160961
1160961
1161430
1161430
1161430
1161430
1161945
1161945
1163301
1163301
1164840
1164840
1165668
1165668
1165809
1165809
1166981
1166981
1166981
1166981
1167653
1167653
1167763
1167763
1167856
1167856
1167856
1167856
1168372
1168372
1168387
1168387
1173520
1173520
1173520
1173520
1174766
1174766
1174907
1174907
1175376
1175376
1175376
1175376
1175376
1175376
1175485
1175485
1180160
1180160
1180254
1180254
1181350
1181350
1181350
1181350
1182162
1182178
1182178
1182178
1182178
1182178
1182272
1182272
1182272
1182272
1182490
1182490
1187079
1187079
1187094
1187094
1188141
1188141
1188250
1188250
1188573
1188573
1188685
1188685
1188685
1188685
1188685
1188685
1188685
1188685
1194650
1194650
1196041
1196041
1196041
1196041
1196744
1196744
1196744
1196744
1196744
1196744
1196744
1196744
1196759
1196759
1196759
1196759
1196759
1196759
1200782
1200782
1202845
1202845
1202954
1202954
1203298
1203298
1203313
1203313
1203313
1203313
1203313
1203313
1203313
1203313
1203313
1203313
1203313
1203313
1203422
1203422
1203422
1203422
1209911
1209911
1209911
1209911
1210442
1210442
1210458
1210458
1210458
1210458
1210458
1210458
1210458
1210458
1210458
1210458
1210567
1210567
1210567
1210567
1210567
1210567
1210567
1210567
1210567
1210567
1210567
1210567
1210707
1210707
1213419
1213419
1215009
1215009
1216915
1216915
1216915
1216915
1217259
1217259
1217259
1217259
1217368
1217368
1217368
1217368
1217368
1217368
1217368
1217368
1217368
1217368
1217368
1217368
1217462
1217462
1217462
1217462
1217462
1217462
1217602
1217602
1217805
1217805
1219817
1219817
1219817
1219817
1221264
1221264
1221891
1221891
1223091
1223091
1223185
1223185
1223185
1223185
1223404
1223404
1223513
1223513
1223513
1223513
1223513
1223513
1223513
1223513
1223607
1223607
1223607
1223607
1223732
1223732
1223732
1223732
1223732
1223732
1225928
1225928
1226568
1226568
1228552
1228552
1229099
1229099
1229099
1229099
1229193
1229193
1229193
1229193
1229312
1229312
1229453
1229453
1229564
1229564
1229564
1229564
1229564
1229564
1229658
1229658
1229658
1229658
1229658
1229658
1229798
1229798
1230579
1230579
1232786
1232786
1232801
1232801
1235322
1235322
1235322
1235322
1235744
1235744
1235932
1235932
1235932
1235932
1236166
1236166
1236260
1236260
1236260
1236260
1236260
1236260
1236260
1236260
1236260
1236260
1236353
1236353
1236353
1236353
1236494
1236494
1236494
1236494
1236494
1236494
1239029
1239029
1239125
1239125
1240137
1240137
1241485
1241485
1241581
1241581
1242030
1242030
1242124
1242124
1242236
1242236
1242376
1242376
1242501
1242501
1242501
1242501
1242564
1242564
1242621
1242621
1242621
1242621
1242746
1242746
1242746
1242746
1242746
1242746
1242858
1242858
1242858
1242858
1242858
1242858
1242858
1242858
1242993
1242993
1245239
1245239
1245348
1245348
1246258
1246258
1247671
1247671
1247671
1247671
1248218
1248218
1248218
1248218
1248556
1248556
1248571
1248571
1248980
1248980
1249105
1249105
1249105
1249105
1249105
1249105
1249198
1249198
1249198
1249198
1249214
1249214
1249214
1249214
1249334
1249334
1249349
1249349
1249474
1249474
1249474
1249474
1249633
1249633
1252379
1252379
1252379
1252379
1252379
1252379
1252519
1252519
1254708
1254708
1254801
1254801
1255327
1255327
1255327
1255327
1255532
1255532
1255532
1255532
1255751
1255751
1255751
1255751
1255860
1255860
1255860
1255860
1255954
1255954
1255954
1255954
1255954
1255954
1255954
1255954
1256094
1256094
1256094
1256094
1256094
1256094
1256204
1256204
1256313
1256313
1256329
1256329
1256329
1256329
1258903
1258903
1258903
1258903
1258903
1258903
1260821
1260821
1260914
1260914
1261524
1261524
1261524
1261524
1261524
1261524
1261633
1261633
1261961
1261961
1261961
1261961
1262086
1262086
1262086
1262086
1262086
1262086
1262180
1262180
1262180
1262180
1262180
1262180
1262320
1262320
1262320
1262320
1262430
1262430
1262430
1262430
1262445
1262445
1262555
1262555
1262555
1262555
1262664
1262664
1263601
1263601
1264770
1264770
1265019
1265019
1267579
1267579
1267579
1267579
1268079
1268079
1268220
1268220
1268220
1268220
1268923
1268923
1269048
1269048
1269063
1269063
1269235
1269235
1269235
1269235
1269360
1269360
1269464
1269464
1269480
1269480
1269480
1269480
1269589
1269589
1269606
1269606
1269607
1269607
1269700
1269700
1272053
1272053
1272053
1272053
1272694
1272694
1273393
1273393
1274096
1274112
1274112
1274112
1274221
1274221
1274309
1274309
1274780
1274780
1275358
1275358
1275358
1275358
1275374
1275374
1275436
1275436
1275468
1275468
1275468
1275468
1275727
1275727
1275727
1275727
1275837
1275837
1275933
1275933
1275933
1275933
1276089
1276089
1277083
1277083
1277960
1277960
1278408
1278408
1278675
1278675
1278707
1278707
1278707
1278707
1278816
1278816
1279363
1279363
1279640
1279640
1280637
1280637
1280731
1280731
1280731
1280731
1281399
1281399
1281571
1281571
1281805
1281805
1281930
1281930
1281946
1281946
1282071
1282071
1282227
1282227
1282352
1282352
1282487
1282487
1282487
1282487
1282612
1282612
1282911
1282911
1283473
1283473
1283582
1283582
1283645
1283645
1284464
1284464
1284589
1284589
1284919
1284919
1284919
1284919
1285029
1285029
1285029
1285029
1285510
1285510
1285729
1285729
1286692
1286692
1286788
1286788
1286897
1286897
1287225
1287225
1287757
1287757
1287757
1287757
1287866
1287866
1288191
1288191
1288191
1288191
1288300
1288300
1288316
1288316
1288409
1288409
1288800
1288800
1289812
1289812
1290249
1290249
1290359
1290359
1290374
1290374
1290468
1290468
1290593
1290593
1290593
1290593
1290886
1290886
1291980
1291980
1292084
1292084
1292146
1292146
1292193
1292193
1292773
1292773
1293086
1293086
1293101
1293101
1293211
1293211
1293320
1293320
1293336
1293336
1293582
1293582
1293707
1293707
1294160
1294160
1294160
1294160
1295886
1295886
1296351
1296351
1296351
1296351
1296633
1296633
1296633
1296633
1296929
1296929
1296929
1296929
1298480
1298480
1298480
1298480
1299336
1299336
1299336
1299336
1299445
1299445
1299707
1299707
1299707
1299707
1299895
1299895
1299895
1299895
1300035
1300035
1300145
1300145
1301666
1301666
1301869
1301869
1301994
1301994
1302197
1302197
1302197
1302197
1302244
1302244
1302557
1302557
1303066
1303066
1303631
1303631
1303725
1303725
1304566
1304566
1304566
1304566
1305100
1305100
1305412
1305412
1305506
1305506
1305506
1305506
1306346
1306346
1307420
1307420
1307420
1307420
1307795
1307795
1307905
1307905
1308154
1308154
1308154
1308154
1309259
1309259
1309259
1309259
1309259
1309259
1310290
1310290
1310415
1310415
1310540
1310540
1310650
1310650
1310900
1310900
1310900
1310900
1310915
1310915
1313454
1313454
1314001
1314001
1314589
1314589
1315309
1315309
1315434
1315434
1316497
1316497
1316512
1316512
1316606
1316606
1316606
1316606
1316622
1316622
1316872
1316872
1316981
1316981
1316981
1316981
1316981
1316981
1317028
1317028
1318761
1318761
1318943
1318943
1319561
1319561
1319686
1319686
1320031
1320031
1322247
1322247
1322262
1322262
1322356
1322356
1322372
1322372
1322372
1322372
1322715
1322715
1322762
1322762
1322840
1322840
1323106
1323106
1324074
1324074
1324867
1324867
1325789
1325789
1325992
1325992
1325992
1325992
1326570
1326570
1326836
1326836
1327351
1327351
1328179
1328179
1328289
1328289
1328398
1328398
1328742
1328742
1328757
1328757
1328929
1328929
1329132
1329132
1330019
1330019
1330380
1330380
1331848
1331848
1332223
1332223
1332786
1332786
1333160
1333160
1333629
1333645
1333801
1333801
1334014
1334014
1335107
1335107
1335279
1335279
1336415
1336415
1337330
1337330
1337330
1337330
1337489
1337489
1337864
1337864
1337864
1337864
1338051
1338051
1338051
1338051
1338798
1338798
1339651
1339651
1340434
1340434
1341075
1341075
1341304
1341304
1341525
1341525
1341774
1341774
1343255
1343255
1343255
1343255
1343255
1343255
1343271
1343271
1344361
1344361
1344714
1344714
1345383
1345383
1345588
1345588
1346119
1346119
1346660
1346660
1346832
1346832
1346863
1346863
1347428
1347428
1347428
1347428
1347428
1347428
1347600
1347600
1348000
1348000
1349205
1349205
1349236
1349236
1349252
1349252
1349324
1349324
1350479
1350479
1350651
1350651
1350668
1350678
1350881
1350881
1350993
1350993
1351055
1351055
1352049
1352049
1352457
1352457
1352661
1352661
1352661
1352661
1353448
1353448
1354075
1354075
1354122
1354122
1354513
1354513
1356118
1356118
1356321
1356321
1356321
1356321
1356946
1356946
1356946
1356946
1356962
1356962
1357227
1357227
1357462
1357462
1360427
1360427
1360583
1360583
1360989
1360989
1362161
1362161
1362332
1362332
1365672
1365672
1365844
1365844
1366187
1366187
1366203
1366203
1366359
1366359
1366359
1366359
1366578
1366578
1368156
1368156
1368996
1368996
1369168
1369168
1369293
1369293
1370914
1370914
1371112
1371112
1374625
1374625
1374625
1374625
1375024
1375024
1375102
1375102
1375258
1375258
1375258
1375258
1375274
1375274
1376948
1376948
1378384
1378384
1378540
1378555
1379586
1379586
1380114
1380114
1380302
1380302
1380302
1380302
1380521
1380521
1383582
1383582
1383739
1383739
1383926
1383926
1383926
1383926
1384098
1384098
1384301
1384301
1387528
1387528
1387528
1387528
1390129
1390129
1390129
1390129
1390129
1390129
1390316
1390316
1390535
1390535
1393486
1393486
1393486
1393486
1393642
1393642
1393642
1393642
1393845
1393845
1393845
1393845
1397216
1397216
1397216
1397216
1398763
1398763
1399278
1399278
1399278
1399278
1399294
1399294
1399450
1399450
1399664
1399664
1399832
1399832
1402081
1402081
1402096
1402096
1402268
1402268
1402284
1402284
1402843
1402843
1404480
1404480
1406082
1406082
1406270
1406270
1406410
1406410
1408267
1408267
1409032
1409032
1409032
1409032
1409032
1409032
1409235
1409235
1409641
1409641
1409848
1409849
1411743
1411743
1411915
1411915
1411931
1411931
1411947
1411947
1412150
1412150
1412150
1412150
1415721
1415721
1415893
1415893
1416518
1416518
1418405
1418405
1419151
1419151
1420613
1420613
1420628
1420628
1421331
1421331
1421483
1421483
1421483
1421483
1421514
1421514
1424539
1424539
1425254
1425254
1425254
1425254
1425926
1425926
1429800
1429800
1429982
1429982
1430593
1430593
1430593
1430593
1430609
1430609
1430812
1430812
1433451
1433451
1433451
1433451
1434135
1434135
1434135
1434135
1439139
1439139
1439139
1439139
1439978
1439978
1439978
1439993
1439993
1439993
1440198
1440198
1440230
1440230
1440230
1440230
1442070
1442070
1442085
1442085
1442351
1442351
1442460
1442460
1444757
1444772
1445017
1445017
1445142
1445142
1445238
1445238
1445269
1445269
1445488
1445488
1446068
1446068
1446068
1446068
1446068
1446068
1446186
1446186
1446201
1446201
1446313
1446313
1446313
1446313
1447688
1447688
1447828
1447828
1447953
1447953
1450437
1450437
1450437
1450437
1450671
1450671
1450827
1450827
1451291
1451291
1451387
1451387
1451402
1451402
1451527
1451527
1451680
1451680
1452275
1452275
1453209
1453209
1456482
1456482
1456482
1456482
1457154
1457154
1457295
1457295
1457310
1457310
1457482
1457482
1457654
1457654
1458951
1458951
1461654
1461654
1461654
1461654
1462420
1462420
1462420
1462420
1462545
1462545
1462545
1462545
1462654
1462654
1463152
1463152
1463152
1463152
1464323
1464323
1467175
1467175
1467935
1467935
1467935
1467935
1468029
1468029
1468029
1468029
1468156
1468156
1468312
1468312
1468453
1468453
1469590
1469590
1469590
1469590
1469590
1469590
1472691
1472707
1472707
1472707
1473558
1473558
1473685
1473685
1473841
1473841
1473982
1473982
1474357
1474357
1474544
1474544
1475303
1475303
1475303
1475303
1476204
1476204
1477544
1477544
1477622
1477622
1478624
1478624
1479058
1479058
1479058
1479058
1479058
1479058
1479183
1479183
1479183
1479183
1479538
1479538
1479554
1479570
1479679
1479679
1480657
1480657
1481856
1481856
1482699
1482699
1483633
1483633
1484471
1484471
1484583
1484583
1484583
1484583
1484583
1484583
1484598
1484598
1484598
1484598
1484692
1484692
1484692
1484692
1485219
1485219
1485219
1485219
1485565
1485565
1486484
1486484
1486515
1486515
1487386
1487386
1488426
1488426
1489600
1489615
1490327
1490327
1490327
1490327
1490452
1490452
1490452
1490452
1490468
1490468
1490577
1490577
1490702
1490702
1490936
1490936
1491040
1491040
1491599
1491599
1492429
1492429
1493426
1493426
1495372
1495372
1495591
1495591
1495591
1495591
1495591
1495591
1495606
1495606
1495606
1495606
1495731
1495731
1495840
1495840
1496247
1496247
1497012
1497012
1501390
1501390
1501405
1501405
1501405
1501405
1501405
1501405
1501405
1501405
1501530
1501530
1501718
1501718
1507850
1507850
1507959
1507959
1507959
1507959
1507959
1507959
1508053
1508053
1508053
1508053
1508069
1508069
1508194
1508194
1514579
1514579
1514579
1514579
1514736
1514736
1514861
1514861
1514861
1514861
1514861
1514861
1514986
1514986
1514986
1514986
1515079
1515079
1515095
1515095
1516943
1516943
1521918
1521918
1522027
1522027
1522168
1522168
1522183
1522183
1522308
1522308
1522418
1522418
1522418
1522418
1528205
1528205
1528205
1528221
1528439
1528439
1528564
1528564
1528674
1528674
1528674
1528674
1528674
1528674
1533302
1533302
1534843
1534843
1534953
1534953
1535187
1535187
1535187
1535187
1535322
1535322
1535322
1535322
1535447
1535447
1541514
1541514
1541623
1541623
1541732
1541732
1541904
1541904
1542060
1542060
1549725
1549725
1549725
1549725
1549892
1549892
1550081
1550081
1550284
1550284
1550497
1550497
1550687
1550687
1556675
1556675
1556785
1556785
1557019
1557019
1557035
1557035
1557128
1557128
1557238
1557238
1557238
1557238
1563025
1563025
1563025
1563025
1563353
1563353
1563353
1563353
1563493
1563493
1563649
1563649
1564815
1564815
1564831
1564831
1565302
1565302
1565923
1565923
1567224
1567224
1568698
1568698
1569999
1569999
1569999
1569999
1570418
1570418
1570543
1570543
1570559
1570559
1570559
1570559
1570858
1570858
1572245
1572245
1573304
1573304
1573429
1573429
1574535
1574535
1575113
1575113
1575575
1575575
1576362
1576362
1576362
1576362
1576690
1576690
1576784
1576784
1576799
1576799
1576799
1576799
1576893
1576893
1578155
1578155
1579073
1579073
1579089
1579089
1579260
1579260
1580332
1580332
1581450
1581450
1581559
1581559
1582537
1582537
1582631
1582631
1582631
1582631
1582961
1582961
1583680
1583680
1584864
1584864
1585036
1585036
1586232
1586232
1587618
1587618
1589505
1589505
1589708
1589708
1589833
1589833
1595773
1595773
1596804
1596804
1600441
1600441
1601494
1601494
1601510
1601510
1603918
1603918
1604324
1604324
1605370
1605370
1605773
1605773
1606008
1606008
1607898
1607898
1607898
1607898
1609020
1609020
1610254
1610254
1610270
1610270
1612531
1612531
1613913
1613913
1614007
1614007
1614007
1614007
1615955
1615955
1618317
1618317
1620471
1620471
1621670
1621670
1621670
1621670
1622405
1622405
1625805
1625820
1627697
1627697
1629069
1629069
1633375
1633375
1633890
1633890
1635637
1635637
1636600
1636600
1636878
1636878
1636988
1636988
1637441
1637441
1641052
1641052
1641364
1641364
1642597
1642597
1643235
1643235
1643575
1643575
1644077
1644077
1646033
1646033
1646189
1646189
1646533
1646533
1646552
1646552
1647000
1647000
1647421
1647421
1647421
1647421
1647515
1647515
1647625
1647625
1648088
1648088
1648277
1648277
1649539
1649539
1649554
1649554
1649648
1649664
1650752
1650752
1651628
1651628
1652053
1652053
1653413
1653413
1653429
1653429
1654712
1654712
1654832
1654832
1654832
1654832
1654847
1654847
1654975
1654975
1655584
1655584
1655734
1655734
1656396
1656396
1656646
1656646
1656818
1656818
1656965
1656965
1656981
1656981
1658413
1658413
1659796
1659796
1661180
1661180
1661446
1661446
1662808
1662808
1663179
1663179
1663304
1663304
1663304
1663304
1663304
1663320
1664005
1664005
1664114
1664114
1664910
1664910
1664910
1664910
1665035
1665035
1665144
1665144
1669961
1669961
1670071
1670071
1670846
1670846
1671217
1671217
1671345
1671345
1671345
1671345
1671345
1671345
1671360
1671360
1672000
1672000
1672000
1672000
1672109
1672109
1672509
1672509
1672808
1672808
1673652
1673668
1674740
1674740
1675252
1675252
1675268
1675268
1675395
1675395
1675759
1675759
1675858
1675858
1675858
1675858
1675969
1675969
1675969
1675969
1677091
1677091
1677106
1677106
1677200
1677200
1677200
1677200
1677216
1677216
1677325
1677325
1677606
1677606
1677856
1677856
1677960
1677960
1677960
1677960
1677960
1677960
1678353
1678353
1679209
1679209
1679313
1679313
1680112
1680112
1681577
1681577
1681873
1681873
1681873
1681873
1682581
1682581
1683431
1683431
1683431
1683431
1683446
1683446
1683540
1683540
1683558
1683558
1684104
1684104
1684104
1684104
1684104
1684104
1684214
1684214
1685070
1685085
1685179
1685179
1685798
1685798
1686170
1686170
1686170
1686185
1686547
1686547
1686844
1686844
1687203
1687203
1687668
1687668
1688450
1688450
1688668
1688668
1688991
1688991
1689102
1689102
1689102
1689102
1689118
1689118
1689696
1689696
1689696
1689696
1689696
1689696
1690071
1690071
1690149
1690149
1690661
1690661
1690661
1690661
1690770
1690770
1691033
1691033
1691314
1691314
1691423
1691423
1692544
1692544
1692638
1692638
1694054
1694054
1694054
1694054
1694163
1694163
1694179
1694179
1694283
1694283
1694832
1694832
1694832
1694832
1694941
1694941
1695845
1695845
1695954
1695954
1696800
1696800
1696909
1696909
1696909
1696909
1700010
1700010
1700588
1700588
1700682
1700682
1700682
1700682
1700697
1700697
1700729
1700729
1702222
1702222
1702315
1702315
1702315
1702315
1702333
1702333
1705214
1705214
1705386
1705386
1706117
1706117
1706117
1706117
1706242
1706242
1708226
1708226
1708320
1708320
1708445
1708445
1708445
1708445
1708460
1708460
1708460
1708460
1710567
1710567
1712325
1712325
1712325
1712325
1713216
1713216
1713216
1713216
1715446
1715446
1715446
1715446
1715462
1715462
1715571
1715571
1715571
1715571
1718395
1718395
1718520
1718520
1719130
1719130
1719223
1719223
1719223
1719223
1719223
1719223
1720629
1720629
1720629
1720629
1720645
1720645
1720739
1720739
1720739
1720739
1720754
1720754
1720754
1720754
1723825
1723825
1723841
1723841
1724062
1724062
1724515
1724515
1724515
1724515
1724640
1724640
1724640
1724640
1724640
1724640
1726417
1726417
1726417
1726417
1726417
1726417
1726558
1726558
1726558
1726558
1726558
1726558
1726558
1726558
1726683
1726683
1727011
1727011
1727151
1727151
1728536
1728536
1729491
1729491
1729647
1729647
1730046
1730046
1730046
1730046
1730704
1730704
1730704
1730704
1730720
1730720
1730720
1730720
1730720
1730720
1730813
1730813
1730813
1730813
1730813
1730813
1732075
1732075
1732075
1732075
1732200
1732200
1732200
1732200
1732200
1732200
1732200
1732200
1732200
1732200
1732200
1732200
1732325
1732325
1732325
1732325
1735713
1735713
1736256
1736256
1736256
1736256
1737006
1737006
1737131
1737131
1737131
1737131
1737131
1737131
1737255
1737255
1737255
1737271
1737271
1737271
1737271
1737271
1738411
1738411
1738568
1738568
1738829
1738829
1738829
1738829
1738845
1738845
1738970
1738970
1738985
1738985
1738985
1738985
1738985
1738985
1738985
1738985
1738985
1738985
1739144
1739144
1739159
1739159
1739315
1739315
1741655
1741655
1741764
1741764
1742639
1742639
1743405
1743405
1743530
1743530
1744403
1744403
1744669
1744669
1744669
1744669
1744669
1744669
1744788
1744788
1744788
1744788
1745944
1745944
1745959
1745959
1746063
1746063
1746063
1746063
1746063
1746063
1746063
1746079
1746079
1746079
1746079
1746079
1746188
1746188
1746440
1746440
1748843
1748843
1748843
1748843
1750265
1750265
1750405
1750405
1751370
1751370
1751370
1751370
1751370
1751370
1751480
1751480
1751480
1751480
1751495
1751495
1751495
1751495
1752495
1752495
1752714
1752714
1752714
1752714
1752714
1752714
1752714
1752714
1752730
1752730
1752730
1752730
1752730
1752730
1752730
1752730
1752854
1752854
1752854
1752854
1753104
1753104
1753882
1753882
1754070
1754070
1756009
1756009
1757146
1757146
1757567
1757567
1757661
1757661
1757661
1757661
1758656
1758656
1758765
1758765
1758765
1758765
1758765
1758765
1758765
1758765
1758765
1758765
1758765
1758765
1758765
1758765
1758917
1758917
1759903
1759903
1759903
1759903
1759903
1759903
1759903
1759903
1759903
1759903
1760013
1760013
1760013
1760013
1760013
1760013
1760028
1760028
1760153
1760153
1760497
1760497
1760497
1760497
1760919
1760919
1761053
1761053
1762102
1762102
1762399
1762399
1762880
1762880
1763395
1763395
1763395
1763395
1764657
1764657
1764657
1764657
1765126
1765126
1765126
1765126
1765245
1765245
1766368
1766368
1766384
1766384
1766384
1766384
1766384
1766384
1766384
1766384
1766384
1766384
1766415
1766431
1766534
1766534
1766534
1766534
1766534
1766534
1766534
1766534
1766534
1766534
1767615
1767615
1767740
1767740
1767755
1767755
1767755
1767755
1767755
1767755
1767905
1767905
1767905
1767905
1767905
1767905
1768062
1768062
1768220
1768220
1768345
1768345
1768361
1768361
1771044
1771044
1771163
1771163
1772244
1772244
1772244
1772244
1772244
1772244
1772697
1772697
1772697
1772697
1772806
1772806
1773696
1773696
1773696
1773696
1773696
1773696
1773806
1773806
1773806
1773806
1773806
1773806
1773806
1773806
1773806
1773806
1773806
1773806
1773821
1773821
1773821
1773821
1773821
1773821
1773931
1773931
1773931
1773931
1774431
1774431
1774524
1774524
1774618
1774618
1774618
1774618
1774634
1774634
1774774
1774774
1774868
1774868
1774977
1774977
1775112
1775112
1775112
1775112
1776156
1776156
1777982
1777982
1777982
1777982
1779041
1779041
1779041
1779041
1779041
1779041
1779041
1779041
1779150
1779150
1779291
1779291
1780300
1780300
1780412
1780412
1780412
1780412
1780412
1780412
1780428
1780428
1780428
1780428
1780428
1780428
1780428
1780428
1780568
1780568
1780568
1780568
1780568
1780568
1780584
1780584
1780584
1780584
1781099
1781099
1781099
1781099
1781219
1781219
1781346
1781346
1781346
1781346
1781377
1781377
1781749
1781749
1781764
1781764
1781764
1781764
1781874
1781874
1782373
1782373
1785260
1785260
1785401
1785401
1786104
1786104
1786316
1786316
1786316
1786316
1786316
1786316
1786444
1786444
1786459
1786459
1786459
1786459
1786569
1786569
1786688
1786688
1786688
1786688
1787486
1787486
1787486
1787486
1787596
1787596
1787596
1787596
1787596
1787596
1787596
1787596
1787596
1787596
1787596
1787596
1787705
1787705
1787705
1787705
1787705
1787705
1787705
1787705
1787721
1787721
1787721
1787721
1787861
1787861
1787971
1787971
1788096
1788096
1788221
1788221
1788330
1788330
1788346
1788346
1788814
1788814
1788924
1788924
1788924
1788924
1791964
1791964
1792510
1792510
1792510
1792510
1793895
1793895
1793910
1793910
1793910
1793910
1793926
1793926
1794022
1794022
1794022
1794022
1794131
1794131
1794131
1794131
1794252
1794252
1794252
1794252
1794598
1794598
1794957
1794957
1794957
1794957
1795004
1795004
1795186
1795186
1795186
1795186
1795186
1795186
1795201
1795201
1795201
1795201
1795311
1795311
1795311
1795311
1795311
1795311
1795311
1795311
1795311
1795311
1795326
1795326
1795326
1795326
1795326
1795326
1795438
1795438
1795797
1795797
1795797
1795797
1796231
1796231
1796324
1796324
1796697
1796697
1797479
1797479
1800055
1800055
1800164
1800164
1800180
1800180
1801117
1801117
1801237
1801237
1801692
1801692
1801692
1801692
1801692
1801692
1801801
1801801
1802348
1802348
1802582
1802582
1802895
1802895
1803020
1803020
1803020
1803020
1803020
1803020
1803020
1803020
1803020
1803020
1803020
1803020
1803035
1803035
1803035
1803035
1803035
1803035
1803051
1803051
1803051
1803051
1803223
1803223
1803223
1803223
1803238
1803238
1803551
1803551
1803691
1803691
1804676
1804676
1805816
1805816
1807703
1807703
1807703
1807703
1807703
1807703
1807812
1807812
1808546
1808546
1808656
1808656
1808656
1808656
1808656
1808656
1808765
1808765
1808781
1808781
1808781
1808781
1808921
1808921
1809062
1809062
1809593
1809593
1809718
1809718
1809937
1809937
1809937
1809937
1809937
1809937
1809937
1809937
1809937
1809937
1809937
1809937
1809937
1809937
1809952
1809952
1810030
1810030
1810030
1810030
1810030
1810030
1810030
1810030
1810030
1810030
1810030
1810030
1810046
1810046
1810150
1810150
1810150
1810150
1810150
1810150
1810290
1810290
1810290
1810290
1811240
1811240
1813504
1813504
1813707
1813707
1814378
1814378
1814394
1814394
1814394
1814394
1814394
1814394
1815081
1815081
1815191
1815191
1815191
1815191
1815191
1815191
1815191
1815191
1815300
1815300
1815300
1815300
1815300
1815300
1815300
1815300
1815425
1815425
1815441
1815441
1815534
1815534
1815998
1815998
1815998
1815998
1816435
1816435
1816452
1816452
1816453
1816453
1816453
1816453
1816453
1816453
1816453
1816453
1816453
1816453
1816453
1816453
1816453
1816453
1816547
1816547
1816547
1816547
1816562
1816562
1816562
1816562
1816562
1816562
1816562
1816562
1816672
1816672
1816672
1816672
1816672
1816672
1816672
1816672
1816687
1816687
1816687
1816687
1816812
1816812
1816812
1816812
1816812
1816812
1817781
1817781
1817781
1817781
1819135
1819135
1819325
1819325
1820465
1820465
1820930
1820930
1820930
1820930
1821024
1821024
1821024
1821024
