2021-05-08 20:38:18,227:__main__:New World is placed here
2582
2021-05-08 20:38:18,227:__main__:[16, 20, 2, 0, 21, 2, 16, 13, 25, 2, 2, 2, 2, 2, 2, 2, 2, 2, 2, 2, 10, 2, 7, 2, 2, 2, 23, 4, 2, 6, 18, 15, 2, 2, 15, 2, 2, 18, 2, 2, 20, 19, 25, 2, 0, 17, 21, 0, 1]
2582
2021-05-08 20:38:18,228:__main__:[16, 20, 2, 0, 21, 2, 16, 13, 25, 2, 2, 2, 2, 2, 2, 2, 2, 2, 2, 2, 10, 2, 7, 2, 2, 2, 23, 4, 2, 6, 18, 15, 2, 2, 15, 2, 2, 18, 2, 2, 20, 19, 25, 2, 0, 17, 21, 0, 1]
2583
2021-05-08 20:38:18,229:__main__:[18, 16, 20, 2, 0, 21, 2, 16, 13, 0, 2, 0, 2, 2, 13, 12, 13, 1, 2, 2, 10, 2, 7, 0, 2, 2, 23, 4, 2, 6, 18, 15, 2, 13, 15, 2, 2, 18, 2, 2, 20, 19, 25, 2, 0, 17, 21, 0, 1]
2584
2021-05-08 20:38:18,229:__main__:[16, 20, 2, 0, 21, 18, 18, 15, 2, 2, 2, 2, 18, 2, 2, 2, 2, 16, 2, 18, 15, 2, 2, 24, 25, 2, 22, 2, 2, 2, 18, 2, 2, 2, 2, 2, 2, 2, 2, 23, 2, 20, 19, 23, 2, 0, 17, 21, 0, 1]
2584
2021-05-08 20:38:18,230:__main__:[16, 20, 2, 0, 21, 2, 16, 13, 25, 2, 2, 2, 2, 2, 2, 2, 2, 2, 2, 2, 10, 2, 7, 2, 2, 2, 23, 4, 2, 6, 18, 15, 2, 2, 15, 2, 2, 18, 2, 2, 20, 19, 25, 2, 0, 17, 21, 0, 1]
2585
2021-05-08 20:38:18,230:__main__:[16, 20, 2, 0, 21, 2, 16, 13, 25, 2, 2, 2, 2, 2, 2, 2, 2, 2, 2, 2, 10, 2, 7, 2, 2, 2, 23, 4, 2, 6, 18, 15, 2, 2, 15, 2, 2, 18, 2, 2, 20, 19, 25, 2, 0, 17, 21, 0, 1]
2585
2021-05-08 20:38:18,230:__main__:[16, 20, 2, 0, 21, 18, 18, 15, 2, 2, 2, 2, 18, 2, 2, 2, 2, 16, 2, 18, 15, 2, 2, 24, 25, 2, 22, 2, 2, 2, 18, 2, 2, 2, 2, 2, 2, 2, 2, 23, 2, 20, 19, 23, 2, 0, 17, 21, 0, 1]
2585
2021-05-08 20:38:18,230:__main__:[16, 20, 2, 0, 21, 2, 16, 13, 25, 2, 2, 2, 2, 2, 2, 2, 2, 2, 2, 2, 10, 2, 7, 2, 2, 2, 23, 4, 2, 6, 18, 15, 2, 2, 15, 2, 2, 18, 2, 2, 20, 19, 25, 2, 0, 17, 21, 0, 1]
2585
2021-05-08 20:38:18,230:__main__:[18, 16, 20, 2, 0, 21, 2, 16, 13, 0, 2, 0, 2, 2, 13, 12, 13, 1, 2, 2, 10, 2, 7, 0, 2, 2, 23, 4, 2, 6, 18, 15, 2, 13, 15, 2, 2, 18, 2, 2, 20, 19, 25, 2, 0, 17, 21, 0, 1]
2585
2021-05-08 20:38:18,245:__main__:Not on input 1: ~3853737189.0 = -3853737190
2600
2021-05-08 20:38:18,246:__main__:[16, 20, 2, 0, 21, 2, 16, 13, 25, 2, 2, 2, 2, 2, 2, 2, 2, 2, 2, 2, 10, 2, 7, 2, 2, 2, 23, 4, 2, 6, 18, 15, 2, 2, 15, 2, 2, 18, 2, 2, 20, 19, 25, 2, 0, 17, 21, 0, 1, 0, 0, 0, 0, 0, 0, 0, 0, 0, 0, 0, 0, 0, 0, 0, 0, 0, 0, 0, 0, 0, 0, 0, 0, 0, 0, 0, 0, 0, 0, 0, 0, 0, 0, 0, 0, 0, 0, 0, 0, 0, 0, 0, 0, 0, 0, 0, 0, 0]
2601
2021-05-08 20:47:14,466:__main__:New World is placed here
1889
2021-05-08 20:47:14,467:__main__:[16, 20, 2, 0, 21, 2, 16, 13, 25, 2, 2, 2, 2, 2, 2, 2, 2, 2, 2, 2, 10, 2, 7, 2, 2, 2, 23, 4, 2, 6, 18, 15, 2, 2, 15, 2, 2, 18, 2, 2, 20, 19, 25, 2, 0, 17, 21, 0, 1]
1890
2021-05-08 20:47:14,467:__main__:[16, 20, 2, 0, 21, 2, 16, 13, 25, 2, 2, 2, 2, 2, 2, 2, 2, 2, 2, 2, 10, 2, 7, 2, 2, 2, 23, 4, 2, 6, 18, 15, 2, 2, 15, 2, 2, 18, 2, 2, 20, 19, 25, 2, 0, 17, 21, 0, 1]
1890
2021-05-08 20:47:14,468:__main__:[18, 16, 20, 2, 0, 21, 2, 16, 13, 0, 2, 0, 2, 2, 13, 12, 13, 1, 2, 2, 10, 2, 7, 0, 2, 2, 23, 4, 2, 6, 18, 15, 2, 13, 15, 2, 2, 18, 2, 2, 20, 19, 25, 2, 0, 17, 21, 0, 1]
1891
2021-05-08 20:47:14,468:__main__:[16, 20, 2, 0, 21, 18, 18, 15, 2, 2, 2, 2, 18, 2, 2, 2, 2, 16, 2, 18, 15, 2, 2, 24, 25, 2, 22, 2, 2, 2, 18, 2, 2, 2, 2, 2, 2, 2, 2, 23, 2, 20, 19, 23, 2, 0, 17, 21, 0, 1]
1891
2021-05-08 20:47:14,468:__main__:[16, 20, 2, 0, 21, 2, 16, 13, 25, 2, 2, 2, 2, 2, 2, 2, 2, 2, 2, 2, 10, 2, 7, 2, 2, 2, 23, 4, 2, 6, 18, 15, 2, 2, 15, 2, 2, 18, 2, 2, 20, 19, 25, 2, 0, 17, 21, 0, 1]
1891
2021-05-08 20:47:14,468:__main__:[16, 20, 2, 0, 21, 2, 16, 13, 25, 2, 2, 2, 2, 2, 2, 2, 2, 2, 2, 2, 10, 2, 7, 2, 2, 2, 23, 4, 2, 6, 18, 15, 2, 2, 15, 2, 2, 18, 2, 2, 20, 19, 25, 2, 0, 17, 21, 0, 1]
1891
2021-05-08 20:47:14,469:__main__:[16, 20, 2, 0, 21, 18, 18, 15, 2, 2, 2, 2, 18, 2, 2, 2, 2, 16, 2, 18, 15, 2, 2, 24, 25, 2, 22, 2, 2, 2, 18, 2, 2, 2, 2, 2, 2, 2, 2, 23, 2, 20, 19, 23, 2, 0, 17, 21, 0, 1]
1892
2021-05-08 20:47:14,469:__main__:[16, 20, 2, 0, 21, 2, 16, 13, 25, 2, 2, 2, 2, 2, 2, 2, 2, 2, 2, 2, 10, 2, 7, 2, 2, 2, 23, 4, 2, 6, 18, 15, 2, 2, 15, 2, 2, 18, 2, 2, 20, 19, 25, 2, 0, 17, 21, 0, 1]
1892
2021-05-08 20:47:14,469:__main__:[18, 16, 20, 2, 0, 21, 2, 16, 13, 0, 2, 0, 2, 2, 13, 12, 13, 1, 2, 2, 10, 2, 7, 0, 2, 2, 23, 4, 2, 6, 18, 15, 2, 13, 15, 2, 2, 18, 2, 2, 20, 19, 25, 2, 0, 17, 21, 0, 1]
1892
2021-05-08 20:47:14,482:__main__:Not on input 1: ~3677661184.0 = -3677661185
1905
2021-05-08 20:47:14,482:__main__:[16, 20, 2, 0, 21, 2, 16, 13, 25, 2, 2, 2, 2, 2, 2, 2, 2, 2, 2, 2, 10, 2, 7, 2, 2, 2, 23, 4, 2, 6, 18, 15, 2, 2, 15, 2, 2, 18, 2, 2, 20, 19, 25, 2, 0, 17, 21, 0, 1, 0, 0, 0, 0, 0, 0, 0, 0, 0, 0, 0, 0, 0, 0, 0, 0, 0, 0, 0, 0, 0, 0, 0, 0, 0, 0, 0, 0, 0, 0, 0, 0, 0, 0, 0, 0, 0, 0, 0, 0, 0, 0, 0, 0, 0, 0, 0, 0, 0]
1905
